---------------------------------------------------------------

[2021-11-05T01:09:09+08:00] 45.253.244.38 GET qp.ylongds66.top/index/user/login.html
[运行时间：0.032863s] [吞吐率：30.43req/s] [内存消耗：3,222.82kb] [文件加载：78]
[ info ] [ LANG ] /www/wwwroot/ee.00008i.com/thinkphp/lang/zh-cn.php
[ info ] [ ROUTE ] array (
)
[ info ] [ HEADER ] array (
  'cookie' => 's9c0a00a8=6uu19mvvi5onnkqjg8ika702k5',
  'accept-language' => 'zh-CN,zh;q=0.9',
  'accept-encoding' => 'gzip, deflate',
  'accept' => 'text/html,application/xhtml+xml,application/xml;q=0.9,image/avif,image/webp,image/apng,*/*;q=0.8,application/signed-exchange;v=b3;q=0.9',
  'user-agent' => 'Mozilla/5.0 (Windows NT 10.0; Win64; x64) AppleWebKit/537.36 (KHTML, like Gecko) Chrome/95.0.4638.69 Safari/537.36',
  'upgrade-insecure-requests' => '1',
  'cache-control' => 'no-cache',
  'pragma' => 'no-cache',
  'connection' => 'keep-alive',
  'host' => 'qp.ylongds66.top',
  'content-type' => '',
  'content-length' => '',
)
[ info ] [ PARAM ] array (
)
[ info ] [ VIEW ] /www/wwwroot/ee.00008i.com/application/index/view/user/login.html [ array (
  0 => 'table',
  1 => 'request',
  2 => 'csrf_state',
  3 => 'csrf_message',
) ]
[ info ] [ DB ] INIT mysql
[ sql ] [ DB ] CONNECT:[ UseTime:0.000426s ] mysql:host=127.0.0.1;port=3306;dbname=cskaem;charset=utf8mb4
[ sql ] [ SQL ] SHOW COLUMNS FROM `system_config` [ RunTime:0.001017s ]
[ sql ] [ SQL ] SELECT `name`,`value` FROM `system_config` [ RunTime:0.000437s ]
---------------------------------------------------------------

[2021-11-05T01:09:24+08:00] 18.168.178.165 GET qp.ylongds66.top/index/user/login.html
[运行时间：0.017146s] [吞吐率：58.32req/s] [内存消耗：2,322.02kb] [文件加载：73]
[ info ] [ LANG ] /www/wwwroot/ee.00008i.com/thinkphp/lang/zh-cn.php
[ info ] [ ROUTE ] array (
)
[ info ] [ HEADER ] array (
  'cookie' => 's9c0a00a8=bpbfmuptf3ci3ce4tjbk7buap6',
  'accept-language' => 'zh-CN,zh;q=0.9',
  'accept-encoding' => 'gzip, deflate',
  'accept' => 'text/html,application/xhtml+xml,application/xml;q=0.9,image/avif,image/webp,image/apng,*/*;q=0.8,application/signed-exchange;v=b3;q=0.9',
  'user-agent' => 'Mozilla/5.0 (Windows NT 10.0; Win64; x64) AppleWebKit/537.36 (KHTML, like Gecko) Chrome/91.0.4472.79 Safari/537.36',
  'upgrade-insecure-requests' => '1',
  'cache-control' => 'max-age=0',
  'connection' => 'keep-alive',
  'host' => 'qp.ylongds66.top',
  'content-type' => '',
  'content-length' => '',
)
[ info ] [ PARAM ] array (
)
[ info ] [ VIEW ] /www/wwwroot/ee.00008i.com/application/index/view/user/login.html [ array (
  0 => 'table',
  1 => 'request',
  2 => 'csrf_state',
  3 => 'csrf_message',
) ]
---------------------------------------------------------------

[2021-11-05T01:12:12+08:00] 18.168.178.165 POST qp.ylongds66.top/index/user/do_login.html
[运行时间：0.029689s] [吞吐率：33.68req/s] [内存消耗：2,993.30kb] [文件加载：74]
[ info ] [ LANG ] /www/wwwroot/ee.00008i.com/thinkphp/lang/zh-cn.php
[ info ] [ ROUTE ] array (
)
[ info ] [ HEADER ] array (
  'cookie' => 's9c0a00a8=bpbfmuptf3ci3ce4tjbk7buap6',
  'accept-language' => 'zh-CN,zh;q=0.9',
  'accept-encoding' => 'gzip, deflate',
  'referer' => 'http://qp.ylongds66.top/index/user/login.html',
  'origin' => 'http://qp.ylongds66.top',
  'content-type' => 'application/x-www-form-urlencoded; charset=UTF-8',
  'user-agent' => 'Mozilla/5.0 (Linux; Android 6.0; Nexus 5 Build/MRA58N) AppleWebKit/537.36 (KHTML, like Gecko) Chrome/91.0.4472.79 Mobile Safari/537.36',
  'x-requested-with' => 'XMLHttpRequest',
  'accept' => '*/*',
  'content-length' => '37',
  'connection' => 'keep-alive',
  'host' => 'qp.ylongds66.top',
)
[ info ] [ PARAM ] array (
  'tel' => '15800000000',
  'pwd' => 'asdasdasd',
  'jizhu' => '1',
)
[ info ] [ DB ] INIT mysql
[ sql ] [ DB ] CONNECT:[ UseTime:0.000339s ] mysql:host=127.0.0.1;port=3306;dbname=cskaem;charset=utf8mb4
[ sql ] [ SQL ] SHOW COLUMNS FROM `xy_users` [ RunTime:0.001306s ]
[ sql ] [ SQL ] SELECT COUNT(*) AS tp_count FROM `xy_users` WHERE  `username` = '15800000000' OR `tel` = '15800000000' [ RunTime:0.000391s ]
[ sql ] [ SQL ] SELECT `id`,`pwd`,`salt`,`pwd_error_num`,`allow_login_time`,`status`,`login_status`,`headpic` FROM `xy_users` WHERE  `username` = '15800000000' OR `tel` = '15800000000' LIMIT 1 [ RunTime:0.000388s ]
[ sql ] [ SQL ] UPDATE `xy_users`  SET `pwd_error_num` = 0 , `allow_login_time` = 0 , `login_status` = 1  WHERE  `id` = 131 [ RunTime:0.005395s ]
---------------------------------------------------------------

[2021-11-05T01:12:15+08:00] 18.168.178.165 GET qp.ylongds66.top/index/index/home.html
[运行时间：0.049601s] [吞吐率：20.16req/s] [内存消耗：4,437.28kb] [文件加载：79]
[ info ] [ LANG ] /www/wwwroot/ee.00008i.com/thinkphp/lang/zh-cn.php
[ info ] [ ROUTE ] array (
)
[ info ] [ HEADER ] array (
  'cookie' => 's9c0a00a8=bpbfmuptf3ci3ce4tjbk7buap6; tel=15800000000; pwd=asdasdasd',
  'accept-language' => 'zh-CN,zh;q=0.9',
  'accept-encoding' => 'gzip, deflate',
  'referer' => 'http://qp.ylongds66.top/index/user/login.html',
  'accept' => 'text/html,application/xhtml+xml,application/xml;q=0.9,image/avif,image/webp,image/apng,*/*;q=0.8,application/signed-exchange;v=b3;q=0.9',
  'user-agent' => 'Mozilla/5.0 (Linux; Android 6.0; Nexus 5 Build/MRA58N) AppleWebKit/537.36 (KHTML, like Gecko) Chrome/91.0.4472.79 Mobile Safari/537.36',
  'upgrade-insecure-requests' => '1',
  'connection' => 'keep-alive',
  'host' => 'qp.ylongds66.top',
  'content-type' => '',
  'content-length' => '',
)
[ info ] [ PARAM ] array (
)
[ info ] [ DB ] INIT mysql
[ info ] [ DB ] INIT mysql
[ info ] [ DB ] INIT mysql
[ info ] [ DB ] INIT mysql
[ info ] [ DB ] INIT mysql
[ info ] [ DB ] INIT mysql
[ info ] [ DB ] INIT mysql
[ info ] [ DB ] INIT mysql
[ info ] [ DB ] INIT mysql
[ info ] [ DB ] INIT mysql
[ info ] [ DB ] INIT mysql
[ info ] [ DB ] INIT mysql
[ info ] [ DB ] INIT mysql
[ info ] [ DB ] INIT mysql
[ info ] [ DB ] INIT mysql
[ info ] [ VIEW ] /www/wwwroot/ee.00008i.com/application/index/view/index/home.html [ array (
  0 => 'rule',
  1 => 'msg',
  2 => 'request',
  3 => 'csrf_state',
  4 => 'csrf_message',
  5 => 'console',
  6 => 'info',
  7 => 'balance',
  8 => 'banner',
  9 => 'notice',
  10 => 'hezuo',
  11 => 'jianjie',
  12 => 'guize',
  13 => 'gundong',
  14 => 'tanchunag',
  15 => 'list',
  16 => 'pic',
  17 => 'cate',
  18 => 'lixibao',
  19 => 'tod_user_yongjin',
  20 => 'yes_user_yongjin',
  21 => 'user_yongjin',
) ]
[ sql ] [ DB ] CONNECT:[ UseTime:0.000354s ] mysql:host=127.0.0.1;port=3306;dbname=cskaem;charset=utf8mb4
[ sql ] [ SQL ] SHOW COLUMNS FROM `xy_script` [ RunTime:0.000925s ]
[ sql ] [ SQL ] SELECT `script` FROM `xy_script` WHERE  `id` = 1 LIMIT 1 [ RunTime:0.000273s ]
[ sql ] [ SQL ] SHOW COLUMNS FROM `xy_index_msg` [ RunTime:0.000825s ]
[ sql ] [ SQL ] SELECT `content` FROM `xy_index_msg` [ RunTime:0.000237s ]
[ sql ] [ SQL ] SHOW COLUMNS FROM `xy_users` [ RunTime:0.001153s ]
[ sql ] [ SQL ] SELECT SUM(`balance`) AS tp_sum FROM `xy_users` WHERE  `id` = 131 [ RunTime:0.000281s ]
[ sql ] [ SQL ] SHOW COLUMNS FROM `xy_banner` [ RunTime:0.000604s ]
[ sql ] [ SQL ] SELECT * FROM `xy_banner` [ RunTime:0.000226s ]
[ sql ] [ DB ] CONNECT:[ UseTime:0.000248s ] mysql:host=127.0.0.1;port=3306;dbname=cskaem;charset=utf8mb4
[ sql ] [ SQL ] SELECT `content` FROM `xy_index_msg` WHERE  `id` = 1 LIMIT 1 [ RunTime:0.000188s ]
[ sql ] [ DB ] CONNECT:[ UseTime:0.000238s ] mysql:host=127.0.0.1;port=3306;dbname=cskaem;charset=utf8mb4
[ sql ] [ SQL ] SELECT `content` FROM `xy_index_msg` WHERE  `id` = 4 LIMIT 1 [ RunTime:0.000234s ]
[ sql ] [ DB ] CONNECT:[ UseTime:0.000216s ] mysql:host=127.0.0.1;port=3306;dbname=cskaem;charset=utf8mb4
[ sql ] [ SQL ] SELECT `content` FROM `xy_index_msg` WHERE  `id` = 2 LIMIT 1 [ RunTime:0.000191s ]
[ sql ] [ DB ] CONNECT:[ UseTime:0.000300s ] mysql:host=127.0.0.1;port=3306;dbname=cskaem;charset=utf8mb4
[ sql ] [ SQL ] SELECT `content` FROM `xy_index_msg` WHERE  `id` = 3 LIMIT 1 [ RunTime:0.000232s ]
[ sql ] [ DB ] CONNECT:[ UseTime:0.000283s ] mysql:host=127.0.0.1;port=3306;dbname=cskaem;charset=utf8mb4
[ sql ] [ SQL ] SELECT `content` FROM `xy_index_msg` WHERE  `id` = 8 LIMIT 1 [ RunTime:0.000209s ]
[ sql ] [ DB ] CONNECT:[ UseTime:0.000289s ] mysql:host=127.0.0.1;port=3306;dbname=cskaem;charset=utf8mb4
[ sql ] [ SQL ] SELECT `content` FROM `xy_index_msg` WHERE  `id` = 11 LIMIT 1 [ RunTime:0.000187s ]
[ sql ] [ DB ] CONNECT:[ UseTime:0.000285s ] mysql:host=127.0.0.1;port=3306;dbname=cskaem;charset=utf8mb4
[ sql ] [ SQL ] SHOW COLUMNS FROM `xy_convey` [ RunTime:0.000803s ]
[ sql ] [ SQL ] SELECT `xc`.*,`u`.`username`,`u`.`tel` FROM `xy_convey` `xc` LEFT JOIN `xy_users` `u` ON `u`.`id`=`xc`.`uid` WHERE  `xc`.`status` = 1 ORDER BY `xc`.`id` DESC LIMIT 15 [ RunTime:0.000442s ]
[ sql ] [ DB ] CONNECT:[ UseTime:0.000261s ] mysql:host=127.0.0.1;port=3306;dbname=cskaem;charset=utf8mb4
[ sql ] [ SQL ] SHOW COLUMNS FROM `xy_goods_cate` [ RunTime:0.000778s ]
[ sql ] [ SQL ] SELECT `c`.`name`,`c`.`id`,`c`.`cate_info`,`c`.`cate_pic`,u.name as levelname,`u`.`pic`,`u`.`level` FROM `xy_goods_cate` `c` LEFT JOIN `xy_level` `u` ON `u`.`id`=`c`.`level_id` ORDER BY `c`.`id` ASC [ RunTime:0.000714s ]
[ sql ] [ DB ] CONNECT:[ UseTime:0.000280s ] mysql:host=127.0.0.1;port=3306;dbname=cskaem;charset=utf8mb4
[ sql ] [ SQL ] SHOW COLUMNS FROM `xy_lixibao_list` [ RunTime:0.000786s ]
[ sql ] [ SQL ] SELECT * FROM `xy_lixibao_list` ORDER BY `id` ASC LIMIT 1 [ RunTime:0.000237s ]
[ sql ] [ DB ] CONNECT:[ UseTime:0.000274s ] mysql:host=127.0.0.1;port=3306;dbname=cskaem;charset=utf8mb4
[ sql ] [ SQL ] SELECT SUM(`commission`) AS tp_sum FROM `xy_convey` WHERE  `uid` = 131  AND `status` = 1  AND `addtime` BETWEEN  AND 1636045935 [ RunTime:0.000288s ]
[ sql ] [ DB ] CONNECT:[ UseTime:0.000268s ] mysql:host=127.0.0.1;port=3306;dbname=cskaem;charset=utf8mb4
[ sql ] [ SQL ] SELECT SUM(`commission`) AS tp_sum FROM `xy_convey` WHERE  `uid` = 131  AND `status` = 1  AND `addtime` BETWEEN 1636041600 AND 1636127999 [ RunTime:0.000269s ]
[ sql ] [ DB ] CONNECT:[ UseTime:0.000264s ] mysql:host=127.0.0.1;port=3306;dbname=cskaem;charset=utf8mb4
[ sql ] [ SQL ] SELECT SUM(`commission`) AS tp_sum FROM `xy_convey` WHERE  `uid` = 131  AND `status` = 1  AND `addtime` BETWEEN 1635955200 AND 1636041599 [ RunTime:0.000264s ]
[ sql ] [ DB ] CONNECT:[ UseTime:0.000288s ] mysql:host=127.0.0.1;port=3306;dbname=cskaem;charset=utf8mb4
[ sql ] [ SQL ] SELECT SUM(`commission`) AS tp_sum FROM `xy_convey` WHERE  `uid` = 131  AND `status` = 1 [ RunTime:0.000287s ]
[ sql ] [ DB ] CONNECT:[ UseTime:0.000257s ] mysql:host=127.0.0.1;port=3306;dbname=cskaem;charset=utf8mb4
[ sql ] [ SQL ] SELECT * FROM `xy_users` WHERE  `id` = 131 LIMIT 1 [ RunTime:0.000510s ]
[ sql ] [ SQL ] SHOW COLUMNS FROM `system_config` [ RunTime:0.000780s ]
[ sql ] [ SQL ] SELECT `name`,`value` FROM `system_config` [ RunTime:0.000245s ]
---------------------------------------------------------------

[2021-11-05T01:12:19+08:00] 18.168.178.165 GET qp.ylongds66.top/static_new6/css/app.3227f3b635185d55fe635aae11c7880e.css.map
[运行时间：0.012263s] [吞吐率：81.55req/s] [内存消耗：1,628.55kb] [文件加载：56]
[ info ] [ LANG ] /www/wwwroot/ee.00008i.com/thinkphp/lang/zh-cn.php
---------------------------------------------------------------

[2021-11-05T01:12:33+08:00] 18.168.178.165 GET qp.ylongds66.top/index/rot_order/index.html
[运行时间：0.095619s] [吞吐率：10.46req/s] [内存消耗：3,788.71kb] [文件加载：79]
[ info ] [ LANG ] /www/wwwroot/ee.00008i.com/thinkphp/lang/zh-cn.php
[ info ] [ ROUTE ] array (
)
[ info ] [ HEADER ] array (
  'cookie' => 's9c0a00a8=bpbfmuptf3ci3ce4tjbk7buap6; tel=15800000000; pwd=asdasdasd',
  'accept-language' => 'zh-CN,zh;q=0.9',
  'accept-encoding' => 'gzip, deflate',
  'referer' => 'http://qp.ylongds66.top/index/index/home.html',
  'accept' => 'text/html,application/xhtml+xml,application/xml;q=0.9,image/avif,image/webp,image/apng,*/*;q=0.8,application/signed-exchange;v=b3;q=0.9',
  'user-agent' => 'Mozilla/5.0 (Linux; Android 6.0; Nexus 5 Build/MRA58N) AppleWebKit/537.36 (KHTML, like Gecko) Chrome/91.0.4472.79 Mobile Safari/537.36',
  'upgrade-insecure-requests' => '1',
  'connection' => 'keep-alive',
  'host' => 'qp.ylongds66.top',
  'content-type' => '',
  'content-length' => '',
)
[ info ] [ PARAM ] array (
)
[ info ] [ DB ] INIT mysql
[ info ] [ DB ] INIT mysql
[ info ] [ DB ] INIT mysql
[ info ] [ DB ] INIT mysql
[ info ] [ DB ] INIT mysql
[ info ] [ DB ] INIT mysql
[ info ] [ DB ] INIT mysql
[ info ] [ VIEW ] /www/wwwroot/ee.00008i.com/application/index/view/rot_order/index.html [ array (
  0 => 'rule',
  1 => 'msg',
  2 => 'request',
  3 => 'csrf_state',
  4 => 'csrf_message',
  5 => 'console',
  6 => 'day_deal',
  7 => 'price',
  8 => 'day_d_count',
  9 => 'lock_deal',
  10 => 'yes_team_num',
  11 => 'today_team_num',
  12 => 'cate',
  13 => 'beizhu',
  14 => 'yes_user_yongjin',
  15 => 'user_yongjin',
  16 => 'order_num',
) ]
[ sql ] [ DB ] CONNECT:[ UseTime:0.000360s ] mysql:host=127.0.0.1;port=3306;dbname=cskaem;charset=utf8mb4
[ sql ] [ SQL ] SHOW COLUMNS FROM `xy_script` [ RunTime:0.000928s ]
[ sql ] [ SQL ] SELECT `script` FROM `xy_script` WHERE  `id` = 1 LIMIT 1 [ RunTime:0.000285s ]
[ sql ] [ SQL ] SHOW COLUMNS FROM `xy_users` [ RunTime:0.001173s ]
[ sql ] [ SQL ] SELECT `commission`,`team_commission`,`income`,`odd_number` FROM `xy_users` WHERE  `id` = 131 LIMIT 1 [ RunTime:0.000268s ]
[ sql ] [ SQL ] SHOW COLUMNS FROM `xy_convey` [ RunTime:0.000753s ]
[ sql ] [ SQL ] SELECT SUM(`commission`) AS tp_sum FROM `xy_convey` WHERE  `uid` = 131  AND `addtime` BETWEEN 1636041600 AND 1636045953   AND `status` IN (1,3,5) [ RunTime:0.000354s ]
[ sql ] [ SQL ] SELECT SUM(`balance`) AS tp_sum FROM `xy_users` WHERE  `id` = 131 [ RunTime:0.000245s ]
[ sql ] [ DB ] CONNECT:[ UseTime:0.000242s ] mysql:host=127.0.0.1;port=3306;dbname=cskaem;charset=utf8mb4
[ sql ] [ SQL ] SELECT COUNT(`id`) AS tp_count FROM `xy_convey` WHERE  ( uid=131 AND status IN(0,1,3,5) AND (addtime >= 1636041600 OR baodantime >= 1636041600) ) [ RunTime:0.000252s ]
[ sql ] [ SQL ] SELECT SUM(`freeze_balance`) AS tp_sum FROM `xy_users` WHERE  `id` = 131 [ RunTime:0.000243s ]
[ sql ] [ SQL ] SHOW COLUMNS FROM `xy_reward_log` [ RunTime:0.000774s ]
[ sql ] [ SQL ] SELECT SUM(`num`) AS tp_sum FROM `xy_reward_log` WHERE  `uid` = 131  AND `addtime` BETWEEN 1635955200 AND 1636041599   AND `status` = 1 [ RunTime:0.027728s ]
[ sql ] [ SQL ] SELECT SUM(`num`) AS tp_sum FROM `xy_reward_log` WHERE  `uid` = 131  AND `addtime` BETWEEN  AND 1636045953   AND `status` = 1 [ RunTime:0.027509s ]
[ sql ] [ SQL ] SHOW COLUMNS FROM `xy_goods_cate` [ RunTime:0.000762s ]
[ sql ] [ SQL ] SELECT `c`.`name`,`c`.`cate_info`,`c`.`cate_pic`,u.name as levelname,`u`.`pic`,`u`.`level`,`u`.`bili`,`u`.`order_num` FROM `xy_goods_cate` `c` LEFT JOIN `xy_level` `u` ON `u`.`id`=`c`.`level_id` WHERE  `c`.`id` = 1 LIMIT 1 [ RunTime:0.000324s ]
[ sql ] [ DB ] CONNECT:[ UseTime:0.000247s ] mysql:host=127.0.0.1;port=3306;dbname=cskaem;charset=utf8mb4
[ sql ] [ SQL ] SHOW COLUMNS FROM `xy_index_msg` [ RunTime:0.000701s ]
[ sql ] [ SQL ] SELECT `content` FROM `xy_index_msg` WHERE  `id` = 9 LIMIT 1 [ RunTime:0.000243s ]
[ sql ] [ DB ] CONNECT:[ UseTime:0.000237s ] mysql:host=127.0.0.1;port=3306;dbname=cskaem;charset=utf8mb4
[ sql ] [ SQL ] SELECT SUM(`commission`) AS tp_sum FROM `xy_convey` WHERE  `uid` = 131  AND `status` = 1  AND `addtime` BETWEEN 1635955200 AND 1636041599 [ RunTime:0.000280s ]
[ sql ] [ DB ] CONNECT:[ UseTime:0.000242s ] mysql:host=127.0.0.1;port=3306;dbname=cskaem;charset=utf8mb4
[ sql ] [ SQL ] SELECT SUM(`commission`) AS tp_sum FROM `xy_convey` WHERE  `uid` = 131  AND `status` = 1 [ RunTime:0.000252s ]
[ sql ] [ DB ] CONNECT:[ UseTime:0.000228s ] mysql:host=127.0.0.1;port=3306;dbname=cskaem;charset=utf8mb4
[ sql ] [ SQL ] SHOW COLUMNS FROM `xy_level` [ RunTime:0.000753s ]
[ sql ] [ SQL ] SELECT * FROM `xy_level` ORDER BY `level` ASC [ RunTime:0.000347s ]
[ sql ] [ DB ] CONNECT:[ UseTime:0.000218s ] mysql:host=127.0.0.1;port=3306;dbname=cskaem;charset=utf8mb4
[ sql ] [ SQL ] SELECT * FROM `xy_users` WHERE  `id` = 131 LIMIT 1 [ RunTime:0.000485s ]
---------------------------------------------------------------

[2021-11-05T01:12:47+08:00] 18.168.178.165 POST qp.ylongds66.top/index/rot_order/submit_order.html?cid=1&m=0.6723725770934381
[运行时间：0.030934s] [吞吐率：32.33req/s] [内存消耗：3,209.01kb] [文件加载：74]
[ info ] [ LANG ] /www/wwwroot/ee.00008i.com/thinkphp/lang/zh-cn.php
[ info ] [ ROUTE ] array (
)
[ info ] [ HEADER ] array (
  'cookie' => 's9c0a00a8=bpbfmuptf3ci3ce4tjbk7buap6; tel=15800000000; pwd=asdasdasd',
  'accept-language' => 'zh-CN,zh;q=0.9',
  'accept-encoding' => 'gzip, deflate',
  'referer' => 'http://qp.ylongds66.top/index/rot_order/index.html',
  'origin' => 'http://qp.ylongds66.top',
  'x-requested-with' => 'XMLHttpRequest',
  'user-agent' => 'Mozilla/5.0 (Linux; Android 6.0; Nexus 5 Build/MRA58N) AppleWebKit/537.36 (KHTML, like Gecko) Chrome/91.0.4472.79 Mobile Safari/537.36',
  'accept' => '*/*',
  'content-length' => '0',
  'connection' => 'keep-alive',
  'host' => 'qp.ylongds66.top',
  'content-type' => '',
)
[ info ] [ PARAM ] array (
  'cid' => '1',
  'm' => '0.6723725770934381',
)
[ info ] [ DB ] INIT mysql
[ info ] [ DB ] INIT mysql
[ info ] [ DB ] INIT mysql
[ info ] [ DB ] INIT mysql
[ sql ] [ DB ] CONNECT:[ UseTime:0.000311s ] mysql:host=127.0.0.1;port=3306;dbname=cskaem;charset=utf8mb4
[ sql ] [ SQL ] SHOW COLUMNS FROM `xy_script` [ RunTime:0.000791s ]
[ sql ] [ SQL ] SELECT `script` FROM `xy_script` WHERE  `id` = 1 LIMIT 1 [ RunTime:0.000252s ]
[ sql ] [ DB ] CONNECT:[ UseTime:0.000246s ] mysql:host=127.0.0.1;port=3306;dbname=cskaem;charset=utf8mb4
[ sql ] [ SQL ] SHOW COLUMNS FROM `xy_bankinfo` [ RunTime:0.000717s ]
[ sql ] [ SQL ] SELECT * FROM `xy_bankinfo` WHERE  `uid` = 131 LIMIT 1 [ RunTime:0.000314s ]
[ sql ] [ DB ] CONNECT:[ UseTime:0.000222s ] mysql:host=127.0.0.1;port=3306;dbname=cskaem;charset=utf8mb4
[ sql ] [ SQL ] SHOW COLUMNS FROM `xy_users` [ RunTime:0.001037s ]
[ sql ] [ SQL ] SELECT `deal_status`,`status`,`balance`,`level`,`deal_count`,`deal_time`,deal_reward_count dc FROM `xy_users` WHERE  `id` = 131 LIMIT 1 [ RunTime:0.000315s ]
[ sql ] [ SQL ] SHOW COLUMNS FROM `xy_convey` [ RunTime:0.000699s ]
[ sql ] [ SQL ] SELECT * FROM `xy_convey` WHERE  `uid` = 131  AND `status` = 0 LIMIT 1 [ RunTime:0.000341s ]
[ sql ] [ DB ] CONNECT:[ UseTime:0.000224s ] mysql:host=127.0.0.1;port=3306;dbname=cskaem;charset=utf8mb4
[ sql ] [ SQL ] UPDATE `xy_users`  SET `deal_time` = 1636041600 , `deal_count` = 0 , `recharge_num` = 0 , `deposit_num` = 0  WHERE  `id` = 131 [ RunTime:0.004833s ]
---------------------------------------------------------------

[2021-11-05T01:14:22+08:00] 149.154.161.14 GET qp.ylongds66.top/
[运行时间：0.014199s] [吞吐率：70.43req/s] [内存消耗：2,144.62kb] [文件加载：71]
[ info ] [ LANG ] /www/wwwroot/ee.00008i.com/thinkphp/lang/zh-cn.php
[ info ] [ ROUTE ] array (
)
[ info ] [ HEADER ] array (
  'accept' => 'text/html,application/xhtml+xml,application/xml;q=0.9,*/*;q=0.8',
  'accept-language' => 'en-US,en;q=0.5',
  'cookie' => 'euConsent=true; BCPermissionLevel=PERSONAL; BC_GDPR=11111; fhCookieConsent=true; gdpr-source=GB; gdpr_consent=YES; beget=begetok',
  'accept-encoding' => 'deflate, gzip',
  'user-agent' => 'TelegramBot (like TwitterBot)',
  'host' => 'qp.ylongds66.top',
  'content-type' => '',
  'content-length' => '',
)
[ info ] [ PARAM ] array (
)
---------------------------------------------------------------

[2021-11-05T01:14:22+08:00] 149.154.161.14 GET qp.ylongds66.top/index/user/login.html
[运行时间：0.033752s] [吞吐率：29.63req/s] [内存消耗：3,222.02kb] [文件加载：78]
[ info ] [ LANG ] /www/wwwroot/ee.00008i.com/thinkphp/lang/zh-cn.php
[ info ] [ ROUTE ] array (
)
[ info ] [ HEADER ] array (
  'accept' => 'text/html,application/xhtml+xml,application/xml;q=0.9,*/*;q=0.8',
  'accept-language' => 'en-US,en;q=0.5',
  'cookie' => 's9c0a00a8=vv6f0bsoo2nbv6qjrm3rln6ik8; euConsent=true; BCPermissionLevel=PERSONAL; BC_GDPR=11111; fhCookieConsent=true; gdpr-source=GB; gdpr_consent=YES; beget=begetok',
  'accept-encoding' => 'deflate, gzip',
  'user-agent' => 'TelegramBot (like TwitterBot)',
  'host' => 'qp.ylongds66.top',
  'content-type' => '',
  'content-length' => '',
)
[ info ] [ PARAM ] array (
)
[ info ] [ VIEW ] /www/wwwroot/ee.00008i.com/application/index/view/user/login.html [ array (
  0 => 'table',
  1 => 'request',
  2 => 'csrf_state',
  3 => 'csrf_message',
) ]
[ info ] [ DB ] INIT mysql
[ sql ] [ DB ] CONNECT:[ UseTime:0.000383s ] mysql:host=127.0.0.1;port=3306;dbname=cskaem;charset=utf8mb4
[ sql ] [ SQL ] SHOW COLUMNS FROM `system_config` [ RunTime:0.001174s ]
[ sql ] [ SQL ] SELECT `name`,`value` FROM `system_config` [ RunTime:0.000404s ]
---------------------------------------------------------------

[2021-11-05T01:14:22+08:00] 149.154.161.15 GET qp.ylongds66.top/
[运行时间：0.022279s] [吞吐率：44.89req/s] [内存消耗：2,144.62kb] [文件加载：71]
[ info ] [ LANG ] /www/wwwroot/ee.00008i.com/thinkphp/lang/zh-cn.php
[ info ] [ ROUTE ] array (
)
[ info ] [ HEADER ] array (
  'accept' => 'text/html,application/xhtml+xml,application/xml;q=0.9,*/*;q=0.8',
  'accept-language' => 'en-US,en;q=0.5',
  'cookie' => 'euConsent=true; BCPermissionLevel=PERSONAL; BC_GDPR=11111; fhCookieConsent=true; gdpr-source=GB; gdpr_consent=YES; beget=begetok',
  'accept-encoding' => 'deflate, gzip',
  'user-agent' => 'TelegramBot (like TwitterBot)',
  'host' => 'qp.ylongds66.top',
  'content-type' => '',
  'content-length' => '',
)
[ info ] [ PARAM ] array (
)
---------------------------------------------------------------

[2021-11-05T01:14:22+08:00] 149.154.161.15 GET qp.ylongds66.top/index/user/login.html
[运行时间：0.015899s] [吞吐率：62.90req/s] [内存消耗：2,321.20kb] [文件加载：73]
[ info ] [ LANG ] /www/wwwroot/ee.00008i.com/thinkphp/lang/zh-cn.php
[ info ] [ ROUTE ] array (
)
[ info ] [ HEADER ] array (
  'accept' => 'text/html,application/xhtml+xml,application/xml;q=0.9,*/*;q=0.8',
  'accept-language' => 'en-US,en;q=0.5',
  'cookie' => 's9c0a00a8=7mpapdslksscq911g7hhguj038; euConsent=true; BCPermissionLevel=PERSONAL; BC_GDPR=11111; fhCookieConsent=true; gdpr-source=GB; gdpr_consent=YES; beget=begetok',
  'accept-encoding' => 'deflate, gzip',
  'user-agent' => 'TelegramBot (like TwitterBot)',
  'host' => 'qp.ylongds66.top',
  'content-type' => '',
  'content-length' => '',
)
[ info ] [ PARAM ] array (
)
[ info ] [ VIEW ] /www/wwwroot/ee.00008i.com/application/index/view/user/login.html [ array (
  0 => 'table',
  1 => 'request',
  2 => 'csrf_state',
  3 => 'csrf_message',
) ]
---------------------------------------------------------------

[2021-11-05T01:14:29+08:00] 18.168.178.165 GET qp.ylongds66.top/index/my/index.html
[运行时间：0.034543s] [吞吐率：28.95req/s] [内存消耗：3,831.83kb] [文件加载：78]
[ info ] [ LANG ] /www/wwwroot/ee.00008i.com/thinkphp/lang/zh-cn.php
[ info ] [ ROUTE ] array (
)
[ info ] [ HEADER ] array (
  'cookie' => 's9c0a00a8=bpbfmuptf3ci3ce4tjbk7buap6; tel=15800000000; pwd=asdasdasd',
  'accept-language' => 'zh-CN,zh;q=0.9',
  'accept-encoding' => 'gzip, deflate',
  'referer' => 'http://qp.ylongds66.top/index/rot_order/index.html',
  'accept' => 'text/html,application/xhtml+xml,application/xml;q=0.9,image/avif,image/webp,image/apng,*/*;q=0.8,application/signed-exchange;v=b3;q=0.9',
  'user-agent' => 'Mozilla/5.0 (Linux; Android 6.0; Nexus 5 Build/MRA58N) AppleWebKit/537.36 (KHTML, like Gecko) Chrome/91.0.4472.79 Mobile Safari/537.36',
  'upgrade-insecure-requests' => '1',
  'connection' => 'keep-alive',
  'host' => 'qp.ylongds66.top',
  'content-type' => '',
  'content-length' => '',
)
[ info ] [ PARAM ] array (
)
[ info ] [ DB ] INIT mysql
[ info ] [ DB ] INIT mysql
[ info ] [ DB ] INIT mysql
[ info ] [ DB ] INIT mysql
[ info ] [ DB ] INIT mysql
[ info ] [ VIEW ] /www/wwwroot/ee.00008i.com/application/index/view/my/index.html [ array (
  0 => 'msg',
  1 => 'rule',
  2 => 'request',
  3 => 'csrf_state',
  4 => 'csrf_message',
  5 => 'console',
  6 => 'info',
  7 => 'lv3',
  8 => 'lv2',
  9 => 'sell_y_num',
  10 => 'level_name',
  11 => 'rililv',
  12 => 'lxb_shouyi',
) ]
[ sql ] [ DB ] CONNECT:[ UseTime:0.000349s ] mysql:host=127.0.0.1;port=3306;dbname=cskaem;charset=utf8mb4
[ sql ] [ SQL ] SHOW COLUMNS FROM `xy_script` [ RunTime:0.000839s ]
[ sql ] [ SQL ] SELECT `script` FROM `xy_script` WHERE  `id` = 1 LIMIT 1 [ RunTime:0.000300s ]
[ sql ] [ DB ] CONNECT:[ UseTime:0.000236s ] mysql:host=127.0.0.1;port=3306;dbname=cskaem;charset=utf8mb4
[ sql ] [ SQL ] SHOW COLUMNS FROM `xy_users` [ RunTime:0.001134s ]
[ sql ] [ SQL ] SELECT `username`,`tel`,`level`,`id`,`headpic`,`balance`,`freeze_balance`,`lixibao_balance`,`invite_code`,`show_td` FROM `xy_users` WHERE  `id` = 131 LIMIT 1 [ RunTime:0.000344s ]
[ sql ] [ DB ] CONNECT:[ UseTime:0.000224s ] mysql:host=127.0.0.1;port=3306;dbname=cskaem;charset=utf8mb4
[ sql ] [ SQL ] SHOW COLUMNS FROM `xy_convey` [ RunTime:0.000767s ]
[ sql ] [ SQL ] SELECT SUM(`commission`) AS tp_sum FROM `xy_convey` WHERE  `status` = 1  AND `uid` = 131 [ RunTime:0.000299s ]
[ sql ] [ DB ] CONNECT:[ UseTime:0.000230s ] mysql:host=127.0.0.1;port=3306;dbname=cskaem;charset=utf8mb4
[ sql ] [ SQL ] SHOW COLUMNS FROM `xy_level` [ RunTime:0.000816s ]
[ sql ] [ SQL ] SELECT `name` FROM `xy_level` WHERE  `level` = 0 LIMIT 1 [ RunTime:0.000264s ]
[ sql ] [ DB ] CONNECT:[ UseTime:0.000220s ] mysql:host=127.0.0.1;port=3306;dbname=cskaem;charset=utf8mb4
[ sql ] [ SQL ] SHOW COLUMNS FROM `xy_lixibao` [ RunTime:0.000825s ]
[ sql ] [ SQL ] SELECT SUM(`num`) AS tp_sum FROM `xy_lixibao` WHERE  `status` = 1  AND `uid` = 131 [ RunTime:0.000234s ]
---------------------------------------------------------------

[2021-11-05T01:14:37+08:00] 18.168.178.165 GET qp.ylongds66.top/
[运行时间：0.020881s] [吞吐率：47.89req/s] [内存消耗：3,044.02kb] [文件加载：75]
[ info ] [ LANG ] /www/wwwroot/ee.00008i.com/thinkphp/lang/zh-cn.php
[ info ] [ ROUTE ] array (
)
[ info ] [ HEADER ] array (
  'cookie' => 's9c0a00a8=bpbfmuptf3ci3ce4tjbk7buap6; tel=15800000000; pwd=asdasdasd',
  'accept-language' => 'zh-CN,zh;q=0.9',
  'accept-encoding' => 'gzip, deflate',
  'accept' => 'text/html,application/xhtml+xml,application/xml;q=0.9,image/avif,image/webp,image/apng,*/*;q=0.8,application/signed-exchange;v=b3;q=0.9',
  'user-agent' => 'Mozilla/5.0 (Windows NT 10.0; Win64; x64) AppleWebKit/537.36 (KHTML, like Gecko) Chrome/91.0.4472.79 Safari/537.36',
  'upgrade-insecure-requests' => '1',
  'connection' => 'keep-alive',
  'host' => 'qp.ylongds66.top',
  'content-type' => '',
  'content-length' => '',
)
[ info ] [ PARAM ] array (
)
[ info ] [ DB ] INIT mysql
[ sql ] [ DB ] CONNECT:[ UseTime:0.000350s ] mysql:host=127.0.0.1;port=3306;dbname=cskaem;charset=utf8mb4
[ sql ] [ SQL ] SHOW COLUMNS FROM `xy_script` [ RunTime:0.000818s ]
[ sql ] [ SQL ] SELECT `script` FROM `xy_script` WHERE  `id` = 1 LIMIT 1 [ RunTime:0.000264s ]
---------------------------------------------------------------

[2021-11-05T01:14:38+08:00] 18.168.178.165 GET qp.ylongds66.top/index/index/home.html
[运行时间：0.044820s] [吞吐率：22.31req/s] [内存消耗：4,471.77kb] [文件加载：79]
[ info ] [ LANG ] /www/wwwroot/ee.00008i.com/thinkphp/lang/zh-cn.php
[ info ] [ ROUTE ] array (
)
[ info ] [ HEADER ] array (
  'cookie' => 's9c0a00a8=bpbfmuptf3ci3ce4tjbk7buap6; tel=15800000000; pwd=asdasdasd',
  'accept-language' => 'zh-CN,zh;q=0.9',
  'accept-encoding' => 'gzip, deflate',
  'accept' => 'text/html,application/xhtml+xml,application/xml;q=0.9,image/avif,image/webp,image/apng,*/*;q=0.8,application/signed-exchange;v=b3;q=0.9',
  'user-agent' => 'Mozilla/5.0 (Windows NT 10.0; Win64; x64) AppleWebKit/537.36 (KHTML, like Gecko) Chrome/91.0.4472.79 Safari/537.36',
  'upgrade-insecure-requests' => '1',
  'connection' => 'keep-alive',
  'host' => 'qp.ylongds66.top',
  'content-type' => '',
  'content-length' => '',
)
[ info ] [ PARAM ] array (
)
[ info ] [ DB ] INIT mysql
[ info ] [ DB ] INIT mysql
[ info ] [ DB ] INIT mysql
[ info ] [ DB ] INIT mysql
[ info ] [ DB ] INIT mysql
[ info ] [ DB ] INIT mysql
[ info ] [ DB ] INIT mysql
[ info ] [ DB ] INIT mysql
[ info ] [ DB ] INIT mysql
[ info ] [ DB ] INIT mysql
[ info ] [ DB ] INIT mysql
[ info ] [ DB ] INIT mysql
[ info ] [ DB ] INIT mysql
[ info ] [ DB ] INIT mysql
[ info ] [ DB ] INIT mysql
[ info ] [ VIEW ] /www/wwwroot/ee.00008i.com/application/index/view/index/home.html [ array (
  0 => 'rule',
  1 => 'msg',
  2 => 'request',
  3 => 'csrf_state',
  4 => 'csrf_message',
  5 => 'console',
  6 => 'info',
  7 => 'balance',
  8 => 'banner',
  9 => 'notice',
  10 => 'hezuo',
  11 => 'jianjie',
  12 => 'guize',
  13 => 'gundong',
  14 => 'tanchunag',
  15 => 'list',
  16 => 'pic',
  17 => 'cate',
  18 => 'lixibao',
  19 => 'tod_user_yongjin',
  20 => 'yes_user_yongjin',
  21 => 'user_yongjin',
) ]
[ sql ] [ DB ] CONNECT:[ UseTime:0.000344s ] mysql:host=127.0.0.1;port=3306;dbname=cskaem;charset=utf8mb4
[ sql ] [ SQL ] SHOW COLUMNS FROM `xy_script` [ RunTime:0.000936s ]
[ sql ] [ SQL ] SELECT `script` FROM `xy_script` WHERE  `id` = 1 LIMIT 1 [ RunTime:0.000245s ]
[ sql ] [ SQL ] SHOW COLUMNS FROM `xy_index_msg` [ RunTime:0.000823s ]
[ sql ] [ SQL ] SELECT `content` FROM `xy_index_msg` [ RunTime:0.000247s ]
[ sql ] [ SQL ] SHOW COLUMNS FROM `xy_users` [ RunTime:0.001004s ]
[ sql ] [ SQL ] SELECT SUM(`balance`) AS tp_sum FROM `xy_users` WHERE  `id` = 131 [ RunTime:0.000283s ]
[ sql ] [ SQL ] SHOW COLUMNS FROM `xy_banner` [ RunTime:0.000739s ]
[ sql ] [ SQL ] SELECT * FROM `xy_banner` [ RunTime:0.000199s ]
[ sql ] [ DB ] CONNECT:[ UseTime:0.000271s ] mysql:host=127.0.0.1;port=3306;dbname=cskaem;charset=utf8mb4
[ sql ] [ SQL ] SELECT `content` FROM `xy_index_msg` WHERE  `id` = 1 LIMIT 1 [ RunTime:0.000206s ]
[ sql ] [ DB ] CONNECT:[ UseTime:0.000263s ] mysql:host=127.0.0.1;port=3306;dbname=cskaem;charset=utf8mb4
[ sql ] [ SQL ] SELECT `content` FROM `xy_index_msg` WHERE  `id` = 4 LIMIT 1 [ RunTime:0.000203s ]
[ sql ] [ DB ] CONNECT:[ UseTime:0.000240s ] mysql:host=127.0.0.1;port=3306;dbname=cskaem;charset=utf8mb4
[ sql ] [ SQL ] SELECT `content` FROM `xy_index_msg` WHERE  `id` = 2 LIMIT 1 [ RunTime:0.000192s ]
[ sql ] [ DB ] CONNECT:[ UseTime:0.000225s ] mysql:host=127.0.0.1;port=3306;dbname=cskaem;charset=utf8mb4
[ sql ] [ SQL ] SELECT `content` FROM `xy_index_msg` WHERE  `id` = 3 LIMIT 1 [ RunTime:0.000181s ]
[ sql ] [ DB ] CONNECT:[ UseTime:0.000236s ] mysql:host=127.0.0.1;port=3306;dbname=cskaem;charset=utf8mb4
[ sql ] [ SQL ] SELECT `content` FROM `xy_index_msg` WHERE  `id` = 8 LIMIT 1 [ RunTime:0.000182s ]
[ sql ] [ DB ] CONNECT:[ UseTime:0.000220s ] mysql:host=127.0.0.1;port=3306;dbname=cskaem;charset=utf8mb4
[ sql ] [ SQL ] SELECT `content` FROM `xy_index_msg` WHERE  `id` = 11 LIMIT 1 [ RunTime:0.000180s ]
[ sql ] [ DB ] CONNECT:[ UseTime:0.000260s ] mysql:host=127.0.0.1;port=3306;dbname=cskaem;charset=utf8mb4
[ sql ] [ SQL ] SHOW COLUMNS FROM `xy_convey` [ RunTime:0.000688s ]
[ sql ] [ SQL ] SELECT `xc`.*,`u`.`username`,`u`.`tel` FROM `xy_convey` `xc` LEFT JOIN `xy_users` `u` ON `u`.`id`=`xc`.`uid` WHERE  `xc`.`status` = 1 ORDER BY `xc`.`id` DESC LIMIT 15 [ RunTime:0.000432s ]
[ sql ] [ DB ] CONNECT:[ UseTime:0.000232s ] mysql:host=127.0.0.1;port=3306;dbname=cskaem;charset=utf8mb4
[ sql ] [ SQL ] SHOW COLUMNS FROM `xy_goods_cate` [ RunTime:0.000676s ]
[ sql ] [ SQL ] SELECT `c`.`name`,`c`.`id`,`c`.`cate_info`,`c`.`cate_pic`,u.name as levelname,`u`.`pic`,`u`.`level` FROM `xy_goods_cate` `c` LEFT JOIN `xy_level` `u` ON `u`.`id`=`c`.`level_id` ORDER BY `c`.`id` ASC [ RunTime:0.000653s ]
[ sql ] [ DB ] CONNECT:[ UseTime:0.000220s ] mysql:host=127.0.0.1;port=3306;dbname=cskaem;charset=utf8mb4
[ sql ] [ SQL ] SHOW COLUMNS FROM `xy_lixibao_list` [ RunTime:0.000725s ]
[ sql ] [ SQL ] SELECT * FROM `xy_lixibao_list` ORDER BY `id` ASC LIMIT 1 [ RunTime:0.000245s ]
[ sql ] [ DB ] CONNECT:[ UseTime:0.000228s ] mysql:host=127.0.0.1;port=3306;dbname=cskaem;charset=utf8mb4
[ sql ] [ SQL ] SELECT SUM(`commission`) AS tp_sum FROM `xy_convey` WHERE  `uid` = 131  AND `status` = 1  AND `addtime` BETWEEN  AND 1636046078 [ RunTime:0.000259s ]
[ sql ] [ DB ] CONNECT:[ UseTime:0.000217s ] mysql:host=127.0.0.1;port=3306;dbname=cskaem;charset=utf8mb4
[ sql ] [ SQL ] SELECT SUM(`commission`) AS tp_sum FROM `xy_convey` WHERE  `uid` = 131  AND `status` = 1  AND `addtime` BETWEEN 1636041600 AND 1636127999 [ RunTime:0.000256s ]
[ sql ] [ DB ] CONNECT:[ UseTime:0.000253s ] mysql:host=127.0.0.1;port=3306;dbname=cskaem;charset=utf8mb4
[ sql ] [ SQL ] SELECT SUM(`commission`) AS tp_sum FROM `xy_convey` WHERE  `uid` = 131  AND `status` = 1  AND `addtime` BETWEEN 1635955200 AND 1636041599 [ RunTime:0.000233s ]
[ sql ] [ DB ] CONNECT:[ UseTime:0.000230s ] mysql:host=127.0.0.1;port=3306;dbname=cskaem;charset=utf8mb4
[ sql ] [ SQL ] SELECT SUM(`commission`) AS tp_sum FROM `xy_convey` WHERE  `uid` = 131  AND `status` = 1 [ RunTime:0.000240s ]
[ sql ] [ DB ] CONNECT:[ UseTime:0.000265s ] mysql:host=127.0.0.1;port=3306;dbname=cskaem;charset=utf8mb4
[ sql ] [ SQL ] SELECT * FROM `xy_users` WHERE  `id` = 131 LIMIT 1 [ RunTime:0.000478s ]
---------------------------------------------------------------

[2021-11-05T01:14:50+08:00] 18.168.178.165 GET qp.ylongds66.top/admin
[运行时间：0.057770s] [吞吐率：17.31req/s] [内存消耗：5,305.59kb] [文件加载：109]
[ info ] [ LANG ] /www/wwwroot/ee.00008i.com/thinkphp/lang/zh-cn.php
[ info ] [ ROUTE ] array (
)
[ info ] [ HEADER ] array (
  'cookie' => 's9c0a00a8=bpbfmuptf3ci3ce4tjbk7buap6; tel=15800000000; pwd=asdasdasd',
  'accept-language' => 'zh-CN,zh;q=0.9',
  'accept-encoding' => 'gzip, deflate',
  'accept' => 'text/html,application/xhtml+xml,application/xml;q=0.9,image/avif,image/webp,image/apng,*/*;q=0.8,application/signed-exchange;v=b3;q=0.9',
  'user-agent' => 'Mozilla/5.0 (Windows NT 10.0; Win64; x64) AppleWebKit/537.36 (KHTML, like Gecko) Chrome/91.0.4472.79 Safari/537.36',
  'upgrade-insecure-requests' => '1',
  'connection' => 'keep-alive',
  'host' => 'qp.ylongds66.top',
  'content-type' => '',
  'content-length' => '',
)
[ info ] [ PARAM ] array (
)
[ info ] [ DB ] INIT mysql
[ info ] [ VIEW ] /www/wwwroot/ee.00008i.com/application/admin/view/index/index.html [ array (
  0 => 'request',
  1 => 'csrf_state',
  2 => 'csrf_message',
  3 => 'title',
  4 => 'menus',
) ]
[ sql ] [ DB ] CONNECT:[ UseTime:0.000314s ] mysql:host=127.0.0.1;port=3306;dbname=cskaem;charset=utf8mb4
[ sql ] [ SQL ] SHOW COLUMNS FROM `system_menu` [ RunTime:0.000872s ]
[ sql ] [ SQL ] SELECT * FROM `system_menu` WHERE  `status` = 1 ORDER BY `sort` DESC,`id` ASC [ RunTime:0.000551s ]
---------------------------------------------------------------

[2021-11-05T01:14:54+08:00] 18.168.178.165 GET qp.ylongds66.top/admin/index/order_info.html
[运行时间：0.014240s] [吞吐率：70.22req/s] [内存消耗：2,140.19kb] [文件加载：69]
[ info ] [ LANG ] /www/wwwroot/ee.00008i.com/thinkphp/lang/zh-cn.php
[ info ] [ ROUTE ] array (
)
[ info ] [ HEADER ] array (
  'cookie' => 's9c0a00a8=bpbfmuptf3ci3ce4tjbk7buap6; tel=15800000000; pwd=asdasdasd',
  'accept-language' => 'zh-CN,zh;q=0.9',
  'accept-encoding' => 'gzip, deflate',
  'referer' => 'http://qp.ylongds66.top/admin',
  'x-requested-with' => 'XMLHttpRequest',
  'user-agent' => 'Mozilla/5.0 (Windows NT 10.0; Win64; x64) AppleWebKit/537.36 (KHTML, like Gecko) Chrome/91.0.4472.79 Safari/537.36',
  'accept' => '*/*',
  'connection' => 'keep-alive',
  'host' => 'qp.ylongds66.top',
  'content-type' => '',
  'content-length' => '',
)
[ info ] [ PARAM ] array (
)
---------------------------------------------------------------

[2021-11-05T01:14:54+08:00] 18.168.178.165 GET qp.ylongds66.top/admin/users/level.html?spm=m-62-63-85
[运行时间：0.015197s] [吞吐率：65.80req/s] [内存消耗：2,273.82kb] [文件加载：68]
[ info ] [ LANG ] /www/wwwroot/ee.00008i.com/thinkphp/lang/zh-cn.php
[ info ] [ ROUTE ] array (
)
[ info ] [ HEADER ] array (
  'cookie' => 's9c0a00a8=bpbfmuptf3ci3ce4tjbk7buap6; tel=15800000000; pwd=asdasdasd',
  'accept-language' => 'zh-CN,zh;q=0.9',
  'accept-encoding' => 'gzip, deflate',
  'referer' => 'http://qp.ylongds66.top/admin',
  'x-requested-with' => 'XMLHttpRequest',
  'user-agent' => 'Mozilla/5.0 (Windows NT 10.0; Win64; x64) AppleWebKit/537.36 (KHTML, like Gecko) Chrome/91.0.4472.79 Safari/537.36',
  'accept' => '*/*',
  'connection' => 'keep-alive',
  'host' => 'qp.ylongds66.top',
  'content-type' => '',
  'content-length' => '',
)
[ info ] [ PARAM ] array (
  'spm' => 'm-62-63-85',
)
---------------------------------------------------------------

[2021-11-05T01:14:58+08:00] 18.168.178.165 GET qp.ylongds66.top/admin/login.html
[运行时间：0.025480s] [吞吐率：39.25req/s] [内存消耗：2,312.30kb] [文件加载：74]
[ info ] [ LANG ] /www/wwwroot/ee.00008i.com/thinkphp/lang/zh-cn.php
[ info ] [ ROUTE ] array (
)
[ info ] [ HEADER ] array (
  'cookie' => 's9c0a00a8=bpbfmuptf3ci3ce4tjbk7buap6; tel=15800000000; pwd=asdasdasd',
  'accept-language' => 'zh-CN,zh;q=0.9',
  'accept-encoding' => 'gzip, deflate',
  'referer' => 'http://qp.ylongds66.top/admin',
  'accept' => 'text/html,application/xhtml+xml,application/xml;q=0.9,image/avif,image/webp,image/apng,*/*;q=0.8,application/signed-exchange;v=b3;q=0.9',
  'user-agent' => 'Mozilla/5.0 (Windows NT 10.0; Win64; x64) AppleWebKit/537.36 (KHTML, like Gecko) Chrome/91.0.4472.79 Safari/537.36',
  'upgrade-insecure-requests' => '1',
  'connection' => 'keep-alive',
  'host' => 'qp.ylongds66.top',
  'content-type' => '',
  'content-length' => '',
)
[ info ] [ PARAM ] array (
)
[ info ] [ VIEW ] /www/wwwroot/ee.00008i.com/application/admin/view/login/index.html [ array (
  0 => 'request',
  1 => 'csrf_state',
  2 => 'csrf_message',
  3 => 'title',
  4 => 'domain',
  5 => 'loginskey',
  6 => 'devmode',
  7 => 'captcha',
) ]
---------------------------------------------------------------

[2021-11-05T01:15:00+08:00] 18.168.178.165 GET qp.ylongds66.top/admin/index/order_info.html
[运行时间：0.014572s] [吞吐率：68.62req/s] [内存消耗：2,140.33kb] [文件加载：69]
[ info ] [ LANG ] /www/wwwroot/ee.00008i.com/thinkphp/lang/zh-cn.php
[ info ] [ ROUTE ] array (
)
[ info ] [ HEADER ] array (
  'cookie' => 's9c0a00a8=bpbfmuptf3ci3ce4tjbk7buap6; tel=15800000000; pwd=asdasdasd',
  'accept-language' => 'zh-CN,zh;q=0.9',
  'accept-encoding' => 'gzip, deflate',
  'referer' => 'http://qp.ylongds66.top/admin/login.html',
  'x-requested-with' => 'XMLHttpRequest',
  'user-agent' => 'Mozilla/5.0 (Windows NT 10.0; Win64; x64) AppleWebKit/537.36 (KHTML, like Gecko) Chrome/91.0.4472.79 Safari/537.36',
  'accept' => '*/*',
  'connection' => 'keep-alive',
  'host' => 'qp.ylongds66.top',
  'content-type' => '',
  'content-length' => '',
)
[ info ] [ PARAM ] array (
)
---------------------------------------------------------------

[2021-11-05T01:15:32+08:00] 18.168.178.165 GET qp.ylongds66.top/admin/index/order_info.html
[运行时间：0.014600s] [吞吐率：68.49req/s] [内存消耗：2,140.33kb] [文件加载：69]
[ info ] [ LANG ] /www/wwwroot/ee.00008i.com/thinkphp/lang/zh-cn.php
[ info ] [ ROUTE ] array (
)
[ info ] [ HEADER ] array (
  'cookie' => 's9c0a00a8=bpbfmuptf3ci3ce4tjbk7buap6; tel=15800000000; pwd=asdasdasd',
  'accept-language' => 'zh-CN,zh;q=0.9',
  'accept-encoding' => 'gzip, deflate',
  'referer' => 'http://qp.ylongds66.top/admin/login.html',
  'x-requested-with' => 'XMLHttpRequest',
  'user-agent' => 'Mozilla/5.0 (Windows NT 10.0; Win64; x64) AppleWebKit/537.36 (KHTML, like Gecko) Chrome/91.0.4472.79 Safari/537.36',
  'accept' => '*/*',
  'connection' => 'keep-alive',
  'host' => 'qp.ylongds66.top',
  'content-type' => '',
  'content-length' => '',
)
[ info ] [ PARAM ] array (
)
---------------------------------------------------------------

[2021-11-05T01:15:58+08:00] 18.168.178.165 POST qp.ylongds66.top/admin/login.html
[运行时间：0.045448s] [吞吐率：22.00req/s] [内存消耗：3,285.95kb] [文件加载：83]
[ info ] [ LANG ] /www/wwwroot/ee.00008i.com/thinkphp/lang/zh-cn.php
[ info ] [ ROUTE ] array (
)
[ info ] [ HEADER ] array (
  'cookie' => 's9c0a00a8=bpbfmuptf3ci3ce4tjbk7buap6; tel=15800000000; pwd=asdasdasd',
  'accept-language' => 'zh-CN,zh;q=0.9',
  'accept-encoding' => 'gzip, deflate',
  'referer' => 'http://qp.ylongds66.top/admin/login.html',
  'origin' => 'http://qp.ylongds66.top',
  'content-type' => 'application/x-www-form-urlencoded; charset=UTF-8',
  'user-agent' => 'Mozilla/5.0 (Windows NT 10.0; Win64; x64) AppleWebKit/537.36 (KHTML, like Gecko) Chrome/91.0.4472.79 Safari/537.36',
  'x-requested-with' => 'XMLHttpRequest',
  'accept' => '*/*',
  'content-length' => '99',
  'connection' => 'keep-alive',
  'host' => 'qp.ylongds66.top',
)
[ info ] [ PARAM ] array (
  'username' => 'admin000',
  'password' => 'c49684f12b9f30c9452f27959683c2bb',
  'verify' => '7NAS',
  'uniqid' => 'captcha618415129fe29',
)
[ info ] [ DB ] INIT mysql
[ sql ] [ DB ] CONNECT:[ UseTime:0.000326s ] mysql:host=127.0.0.1;port=3306;dbname=cskaem;charset=utf8mb4
[ sql ] [ SQL ] SHOW COLUMNS FROM `system_user` [ RunTime:0.000942s ]
[ sql ] [ SQL ] SELECT * FROM `system_user` WHERE  `is_deleted` = 0  AND `username` = 'admin000' ORDER BY `id` DESC LIMIT 1 [ RunTime:0.000446s ]
[ sql ] [ SQL ] UPDATE `system_user`  SET `login_at` = now() , `login_ip` = '' , `login_num` = login_num+1  WHERE  `id` = 10002 [ RunTime:0.004385s ]
[ sql ] [ SQL ] SELECT * FROM `system_user` WHERE  `id` = 10002 LIMIT 1 [ RunTime:0.001525s ]
[ sql ] [ SQL ] SHOW COLUMNS FROM `system_auth` [ RunTime:0.001254s ]
[ sql ] [ SQL ] SHOW COLUMNS FROM `system_auth_node` [ RunTime:0.001164s ]
[ sql ] [ SQL ] SELECT `node` FROM `system_auth_node` WHERE  ( auth in ( SELECT `id` FROM `system_auth` WHERE  `status` = 1  AND `id` IN (2,1) ) ) [ RunTime:0.000499s ]
[ sql ] [ SQL ] SHOW COLUMNS FROM `system_log` [ RunTime:0.000711s ]
[ sql ] [ SQL ] INSERT INTO `system_log` (`node` , `action` , `content` , `geoip` , `username`) VALUES ('admin/login/index' , '系统管理' , '用户登录系统成功' , '18.168.178.165' , 'admin000') [ RunTime:0.004387s ]
---------------------------------------------------------------

[2021-11-05T01:15:59+08:00] 18.168.178.165 GET qp.ylongds66.top/admin.html
[运行时间：0.042549s] [吞吐率：23.50req/s] [内存消耗：5,349.70kb] [文件加载：110]
[ info ] [ LANG ] /www/wwwroot/ee.00008i.com/thinkphp/lang/zh-cn.php
[ info ] [ ROUTE ] array (
)
[ info ] [ HEADER ] array (
  'cookie' => 's9c0a00a8=bpbfmuptf3ci3ce4tjbk7buap6; tel=15800000000; pwd=asdasdasd; admin_user=think%3A%7B%22id%22%3A%2210002%22%2C%22username%22%3A%22admin000%22%2C%22password%22%3A%22dc483e80a7a0bd9ef71d8cf973673924%22%2C%22qq%22%3A%22%22%2C%22mail%22%3A%22%22%2C%22phone%22%3A%22%22%2C%22login_at%22%3A%222021-11-04%2B17%253A37%253A36%22%2C%22login_ip%22%3A%22%22%2C%22login_num%22%3A%223%22%2C%22authorize%22%3A%222%252C1%22%2C%22tags%22%3A%22%22%2C%22desc%22%3A%22%22%2C%22status%22%3A%221%22%2C%22is_deleted%22%3A0%2C%22create_at%22%3A%222021-11-03%2B11%253A47%253A29%22%7D',
  'accept-language' => 'zh-CN,zh;q=0.9',
  'accept-encoding' => 'gzip, deflate',
  'referer' => 'http://qp.ylongds66.top/admin/login.html',
  'accept' => 'text/html,application/xhtml+xml,application/xml;q=0.9,image/avif,image/webp,image/apng,*/*;q=0.8,application/signed-exchange;v=b3;q=0.9',
  'user-agent' => 'Mozilla/5.0 (Windows NT 10.0; Win64; x64) AppleWebKit/537.36 (KHTML, like Gecko) Chrome/91.0.4472.79 Safari/537.36',
  'upgrade-insecure-requests' => '1',
  'connection' => 'keep-alive',
  'host' => 'qp.ylongds66.top',
  'content-type' => '',
  'content-length' => '',
)
[ info ] [ PARAM ] array (
)
[ info ] [ DB ] INIT mysql
[ info ] [ VIEW ] /www/wwwroot/ee.00008i.com/application/admin/view/index/index.html [ array (
  0 => 'request',
  1 => 'csrf_state',
  2 => 'csrf_message',
  3 => 'title',
  4 => 'menus',
) ]
[ sql ] [ DB ] CONNECT:[ UseTime:0.000333s ] mysql:host=127.0.0.1;port=3306;dbname=cskaem;charset=utf8mb4
[ sql ] [ SQL ] SHOW COLUMNS FROM `system_user` [ RunTime:0.000899s ]
[ sql ] [ SQL ] SELECT * FROM `system_user` WHERE  `id` = 10002 LIMIT 1 [ RunTime:0.000359s ]
[ sql ] [ SQL ] SHOW COLUMNS FROM `system_auth` [ RunTime:0.000791s ]
[ sql ] [ SQL ] SHOW COLUMNS FROM `system_auth_node` [ RunTime:0.000758s ]
[ sql ] [ SQL ] SELECT `node` FROM `system_auth_node` WHERE  ( auth in ( SELECT `id` FROM `system_auth` WHERE  `status` = 1  AND `id` IN (2,1) ) ) [ RunTime:0.000485s ]
[ sql ] [ SQL ] SHOW COLUMNS FROM `system_menu` [ RunTime:0.000727s ]
[ sql ] [ SQL ] SELECT * FROM `system_menu` WHERE  `status` = 1 ORDER BY `sort` DESC,`id` ASC [ RunTime:0.000429s ]
[ sql ] [ SQL ] SHOW COLUMNS FROM `system_config` [ RunTime:0.000783s ]
[ sql ] [ SQL ] SELECT `name`,`value` FROM `system_config` [ RunTime:0.000240s ]
---------------------------------------------------------------

[2021-11-05T01:16:00+08:00] 18.168.178.165 GET qp.ylongds66.top/admin/index/order_info.html
[运行时间：0.023109s] [吞吐率：43.27req/s] [内存消耗：3,116.05kb] [文件加载：72]
[ info ] [ LANG ] /www/wwwroot/ee.00008i.com/thinkphp/lang/zh-cn.php
[ info ] [ ROUTE ] array (
)
[ info ] [ HEADER ] array (
  'cookie' => 's9c0a00a8=bpbfmuptf3ci3ce4tjbk7buap6; tel=15800000000; pwd=asdasdasd; admin_user=think%3A%7B%22id%22%3A%2210002%22%2C%22username%22%3A%22admin000%22%2C%22password%22%3A%22dc483e80a7a0bd9ef71d8cf973673924%22%2C%22qq%22%3A%22%22%2C%22mail%22%3A%22%22%2C%22phone%22%3A%22%22%2C%22login_at%22%3A%222021-11-04%2B17%253A37%253A36%22%2C%22login_ip%22%3A%22%22%2C%22login_num%22%3A%223%22%2C%22authorize%22%3A%222%252C1%22%2C%22tags%22%3A%22%22%2C%22desc%22%3A%22%22%2C%22status%22%3A%221%22%2C%22is_deleted%22%3A0%2C%22create_at%22%3A%222021-11-03%2B11%253A47%253A29%22%7D',
  'accept-language' => 'zh-CN,zh;q=0.9',
  'accept-encoding' => 'gzip, deflate',
  'referer' => 'http://qp.ylongds66.top/admin.html',
  'x-requested-with' => 'XMLHttpRequest',
  'user-agent' => 'Mozilla/5.0 (Windows NT 10.0; Win64; x64) AppleWebKit/537.36 (KHTML, like Gecko) Chrome/91.0.4472.79 Safari/537.36',
  'accept' => '*/*',
  'connection' => 'keep-alive',
  'host' => 'qp.ylongds66.top',
  'content-type' => '',
  'content-length' => '',
)
[ info ] [ PARAM ] array (
)
[ info ] [ DB ] INIT mysql
[ info ] [ DB ] INIT mysql
[ sql ] [ DB ] CONNECT:[ UseTime:0.000352s ] mysql:host=127.0.0.1;port=3306;dbname=cskaem;charset=utf8mb4
[ sql ] [ SQL ] SHOW COLUMNS FROM `xy_deposit` [ RunTime:0.000901s ]
[ sql ] [ SQL ] SELECT COUNT(`id`) AS tp_count FROM `xy_deposit` WHERE  `status` = 1 [ RunTime:0.000390s ]
[ sql ] [ DB ] CONNECT:[ UseTime:0.000242s ] mysql:host=127.0.0.1;port=3306;dbname=cskaem;charset=utf8mb4
[ sql ] [ SQL ] SHOW COLUMNS FROM `xy_recharge` [ RunTime:0.000800s ]
[ sql ] [ SQL ] SELECT COUNT(`id`) AS tp_count FROM `xy_recharge` WHERE  `status` = 1 [ RunTime:0.000604s ]
---------------------------------------------------------------

[2021-11-05T01:16:01+08:00] 18.168.178.165 GET qp.ylongds66.top/admin/index/main.html?spm=m-1
[运行时间：0.524194s] [吞吐率：1.91req/s] [内存消耗：5,322.45kb] [文件加载：78]
[ info ] [ LANG ] /www/wwwroot/ee.00008i.com/thinkphp/lang/zh-cn.php
[ info ] [ ROUTE ] array (
)
[ info ] [ HEADER ] array (
  'cookie' => 's9c0a00a8=bpbfmuptf3ci3ce4tjbk7buap6; tel=15800000000; pwd=asdasdasd; admin_user=think%3A%7B%22id%22%3A%2210002%22%2C%22username%22%3A%22admin000%22%2C%22password%22%3A%22dc483e80a7a0bd9ef71d8cf973673924%22%2C%22qq%22%3A%22%22%2C%22mail%22%3A%22%22%2C%22phone%22%3A%22%22%2C%22login_at%22%3A%222021-11-04%2B17%253A37%253A36%22%2C%22login_ip%22%3A%22%22%2C%22login_num%22%3A%223%22%2C%22authorize%22%3A%222%252C1%22%2C%22tags%22%3A%22%22%2C%22desc%22%3A%22%22%2C%22status%22%3A%221%22%2C%22is_deleted%22%3A0%2C%22create_at%22%3A%222021-11-03%2B11%253A47%253A29%22%7D',
  'accept-language' => 'zh-CN,zh;q=0.9',
  'accept-encoding' => 'gzip, deflate',
  'referer' => 'http://qp.ylongds66.top/admin.html',
  'x-requested-with' => 'XMLHttpRequest',
  'user-agent' => 'Mozilla/5.0 (Windows NT 10.0; Win64; x64) AppleWebKit/537.36 (KHTML, like Gecko) Chrome/91.0.4472.79 Safari/537.36',
  'accept' => '*/*',
  'connection' => 'keep-alive',
  'host' => 'qp.ylongds66.top',
  'content-type' => '',
  'content-length' => '',
)
[ info ] [ PARAM ] array (
  'spm' => 'm-1',
)
[ info ] [ DB ] INIT mysql
[ info ] [ DB ] INIT mysql
[ info ] [ DB ] INIT mysql
[ info ] [ DB ] INIT mysql
[ info ] [ DB ] INIT mysql
[ info ] [ DB ] INIT mysql
[ info ] [ DB ] INIT mysql
[ info ] [ DB ] INIT mysql
[ info ] [ DB ] INIT mysql
[ info ] [ DB ] INIT mysql
[ info ] [ DB ] INIT mysql
[ info ] [ DB ] INIT mysql
[ info ] [ DB ] INIT mysql
[ info ] [ DB ] INIT mysql
[ info ] [ DB ] INIT mysql
[ info ] [ DB ] INIT mysql
[ info ] [ DB ] INIT mysql
[ info ] [ DB ] INIT mysql
[ info ] [ DB ] INIT mysql
[ info ] [ DB ] INIT mysql
[ info ] [ DB ] INIT mysql
[ info ] [ DB ] INIT mysql
[ info ] [ DB ] INIT mysql
[ info ] [ DB ] INIT mysql
[ info ] [ DB ] INIT mysql
[ info ] [ DB ] INIT mysql
[ info ] [ DB ] INIT mysql
[ info ] [ DB ] INIT mysql
[ info ] [ DB ] INIT mysql
[ info ] [ DB ] INIT mysql
[ info ] [ DB ] INIT mysql
[ info ] [ DB ] INIT mysql
[ info ] [ DB ] INIT mysql
[ info ] [ DB ] INIT mysql
[ info ] [ DB ] INIT mysql
[ info ] [ VIEW ] /www/wwwroot/ee.00008i.com/application/admin/view/index/main.html [ array (
  0 => 'request',
  1 => 'csrf_state',
  2 => 'csrf_message',
  3 => 'think_ver',
  4 => 'mysql_ver',
  5 => 'goods_num',
  6 => 'today_goods_num',
  7 => 'yes_goods_num',
  8 => 'users_num',
  9 => 'today_users_num',
  10 => 'yes_users_num',
  11 => 'order_num',
  12 => 'today_order_num',
  13 => 'yes_order_num',
  14 => 'order_sum',
  15 => 'today_order_sum',
  16 => 'yes_order_sum',
  17 => 'user_recharge',
  18 => 'today_user_recharge',
  19 => 'yes_user_recharge',
  20 => 'user_deposit',
  21 => 'today_user_deposit',
  22 => 'yes_user_deposit',
  23 => 'user_yongjin',
  24 => 'today_user_yongjin',
  25 => 'yes_user_yongjin',
  26 => 'user_lixibao',
  27 => 'today_user_lixibao',
  28 => 'yes_user_lixibao',
  29 => 'user_fanyong',
  30 => 'today_user_fanyong',
  31 => 'yes_user_fanyong',
  32 => 'user_yue',
  33 => 'user_djyue',
  34 => 'today_lxbsy',
  35 => 'today_lxbzc',
  36 => 'has_version',
) ]
[ sql ] [ DB ] CONNECT:[ UseTime:0.000363s ] mysql:host=127.0.0.1;port=3306;dbname=cskaem;charset=utf8mb4
[ sql ] [ SQL ] select version() as ver [ RunTime:0.000172s ]
[ sql ] [ DB ] CONNECT:[ UseTime:0.000262s ] mysql:host=127.0.0.1;port=3306;dbname=cskaem;charset=utf8mb4
[ sql ] [ SQL ] SHOW COLUMNS FROM `xy_goods_list` [ RunTime:0.000773s ]
[ sql ] [ SQL ] SELECT COUNT(`id`) AS tp_count FROM `xy_goods_list` [ RunTime:0.000253s ]
[ sql ] [ DB ] CONNECT:[ UseTime:0.000239s ] mysql:host=127.0.0.1;port=3306;dbname=cskaem;charset=utf8mb4
[ sql ] [ SQL ] SELECT COUNT(`id`) AS tp_count FROM `xy_goods_list` WHERE  `addtime` BETWEEN 1636041600 AND 1636046161 [ RunTime:0.000366s ]
[ sql ] [ DB ] CONNECT:[ UseTime:0.000234s ] mysql:host=127.0.0.1;port=3306;dbname=cskaem;charset=utf8mb4
[ sql ] [ SQL ] SELECT COUNT(`id`) AS tp_count FROM `xy_goods_list` WHERE  `addtime` BETWEEN 1635955200 AND 1636041599 [ RunTime:0.000340s ]
[ sql ] [ DB ] CONNECT:[ UseTime:0.000219s ] mysql:host=127.0.0.1;port=3306;dbname=cskaem;charset=utf8mb4
[ sql ] [ SQL ] SHOW COLUMNS FROM `xy_users` [ RunTime:0.001174s ]
[ sql ] [ SQL ] SELECT COUNT(`id`) AS tp_count FROM `xy_users` [ RunTime:0.000248s ]
[ sql ] [ DB ] CONNECT:[ UseTime:0.000222s ] mysql:host=127.0.0.1;port=3306;dbname=cskaem;charset=utf8mb4
[ sql ] [ SQL ] SELECT COUNT(`id`) AS tp_count FROM `xy_users` WHERE  `addtime` BETWEEN 1636041600 AND 1636046161 [ RunTime:0.000281s ]
[ sql ] [ DB ] CONNECT:[ UseTime:0.000228s ] mysql:host=127.0.0.1;port=3306;dbname=cskaem;charset=utf8mb4
[ sql ] [ SQL ] SELECT COUNT(`id`) AS tp_count FROM `xy_users` WHERE  `addtime` BETWEEN 1635955200 AND 1636041599 [ RunTime:0.000248s ]
[ sql ] [ DB ] CONNECT:[ UseTime:0.000215s ] mysql:host=127.0.0.1;port=3306;dbname=cskaem;charset=utf8mb4
[ sql ] [ SQL ] SHOW COLUMNS FROM `xy_convey` [ RunTime:0.000823s ]
[ sql ] [ SQL ] SELECT COUNT(`id`) AS tp_count FROM `xy_convey` [ RunTime:0.006159s ]
[ sql ] [ DB ] CONNECT:[ UseTime:0.000280s ] mysql:host=127.0.0.1;port=3306;dbname=cskaem;charset=utf8mb4
[ sql ] [ SQL ] SELECT COUNT(`id`) AS tp_count FROM `xy_convey` WHERE  `addtime` BETWEEN 1636041600 AND 1636046161 [ RunTime:0.007868s ]
[ sql ] [ DB ] CONNECT:[ UseTime:0.000239s ] mysql:host=127.0.0.1;port=3306;dbname=cskaem;charset=utf8mb4
[ sql ] [ SQL ] SELECT COUNT(`id`) AS tp_count FROM `xy_convey` WHERE  `addtime` BETWEEN 1635955200 AND 1636041599 [ RunTime:0.007697s ]
[ sql ] [ DB ] CONNECT:[ UseTime:0.000244s ] mysql:host=127.0.0.1;port=3306;dbname=cskaem;charset=utf8mb4
[ sql ] [ SQL ] SELECT SUM(`num`) AS tp_sum FROM `xy_convey` [ RunTime:0.009471s ]
[ sql ] [ DB ] CONNECT:[ UseTime:0.000234s ] mysql:host=127.0.0.1;port=3306;dbname=cskaem;charset=utf8mb4
[ sql ] [ SQL ] SELECT SUM(`num`) AS tp_sum FROM `xy_convey` WHERE  `addtime` BETWEEN 1636041600 AND 1636046161 [ RunTime:0.007795s ]
[ sql ] [ DB ] CONNECT:[ UseTime:0.000244s ] mysql:host=127.0.0.1;port=3306;dbname=cskaem;charset=utf8mb4
[ sql ] [ SQL ] SELECT SUM(`num`) AS tp_sum FROM `xy_convey` WHERE  `addtime` BETWEEN 1635955200 AND 1636041599 [ RunTime:0.007995s ]
[ sql ] [ DB ] CONNECT:[ UseTime:0.000250s ] mysql:host=127.0.0.1;port=3306;dbname=cskaem;charset=utf8mb4
[ sql ] [ SQL ] SHOW COLUMNS FROM `xy_recharge` [ RunTime:0.000850s ]
[ sql ] [ SQL ] SELECT SUM(`num`) AS tp_sum FROM `xy_recharge` WHERE  `status` = 2 [ RunTime:0.000653s ]
[ sql ] [ DB ] CONNECT:[ UseTime:0.000255s ] mysql:host=127.0.0.1;port=3306;dbname=cskaem;charset=utf8mb4
[ sql ] [ SQL ] SELECT SUM(`num`) AS tp_sum FROM `xy_recharge` WHERE  `status` = 2  AND `addtime` BETWEEN 1636041600 AND 1636046161 [ RunTime:0.000581s ]
[ sql ] [ DB ] CONNECT:[ UseTime:0.000306s ] mysql:host=127.0.0.1;port=3306;dbname=cskaem;charset=utf8mb4
[ sql ] [ SQL ] SELECT SUM(`num`) AS tp_sum FROM `xy_recharge` WHERE  `status` = 2  AND `addtime` BETWEEN 1635955200 AND 1636041599 [ RunTime:0.000587s ]
[ sql ] [ DB ] CONNECT:[ UseTime:0.000347s ] mysql:host=127.0.0.1;port=3306;dbname=cskaem;charset=utf8mb4
[ sql ] [ SQL ] SHOW COLUMNS FROM `xy_deposit` [ RunTime:0.000793s ]
[ sql ] [ SQL ] SELECT SUM(`num`) AS tp_sum FROM `xy_deposit` WHERE  `status` = 2 [ RunTime:0.000376s ]
[ sql ] [ DB ] CONNECT:[ UseTime:0.000272s ] mysql:host=127.0.0.1;port=3306;dbname=cskaem;charset=utf8mb4
[ sql ] [ SQL ] SELECT SUM(`num`) AS tp_sum FROM `xy_deposit` WHERE  `status` = 2  AND `addtime` BETWEEN 1636041600 AND 1636046161 [ RunTime:0.000345s ]
[ sql ] [ DB ] CONNECT:[ UseTime:0.000295s ] mysql:host=127.0.0.1;port=3306;dbname=cskaem;charset=utf8mb4
[ sql ] [ SQL ] SELECT SUM(`num`) AS tp_sum FROM `xy_deposit` WHERE  `status` = 2  AND `addtime` BETWEEN 1635955200 AND 1636041599 [ RunTime:0.000337s ]
[ sql ] [ DB ] CONNECT:[ UseTime:0.000291s ] mysql:host=127.0.0.1;port=3306;dbname=cskaem;charset=utf8mb4
[ sql ] [ SQL ] SELECT SUM(`commission`) AS tp_sum FROM `xy_convey` WHERE  `status` = 1 [ RunTime:0.010432s ]
[ sql ] [ DB ] CONNECT:[ UseTime:0.000377s ] mysql:host=127.0.0.1;port=3306;dbname=cskaem;charset=utf8mb4
[ sql ] [ SQL ] SELECT SUM(`commission`) AS tp_sum FROM `xy_convey` WHERE  `status` = 1  AND `addtime` BETWEEN 1636041600 AND 1636046161 [ RunTime:0.018839s ]
[ sql ] [ DB ] CONNECT:[ UseTime:0.001660s ] mysql:host=127.0.0.1;port=3306;dbname=cskaem;charset=utf8mb4
[ sql ] [ SQL ] SELECT SUM(`commission`) AS tp_sum FROM `xy_convey` WHERE  `status` = 1  AND `addtime` BETWEEN 1635955200 AND 1636041599 [ RunTime:0.019308s ]
[ sql ] [ DB ] CONNECT:[ UseTime:0.000370s ] mysql:host=127.0.0.1;port=3306;dbname=cskaem;charset=utf8mb4
[ sql ] [ SQL ] SHOW COLUMNS FROM `xy_lixibao` [ RunTime:0.007676s ]
[ sql ] [ SQL ] SELECT SUM(`num`) AS tp_sum FROM `xy_lixibao` WHERE  `type` = 1  AND `is_sy` = 0 [ RunTime:0.000458s ]
[ sql ] [ DB ] CONNECT:[ UseTime:0.000361s ] mysql:host=127.0.0.1;port=3306;dbname=cskaem;charset=utf8mb4
[ sql ] [ SQL ] SELECT SUM(`num`) AS tp_sum FROM `xy_lixibao` WHERE  `type` = 1  AND `is_sy` = 0  AND `addtime` BETWEEN 1636041600 AND 1636046161 [ RunTime:0.000277s ]
[ sql ] [ DB ] CONNECT:[ UseTime:0.000303s ] mysql:host=127.0.0.1;port=3306;dbname=cskaem;charset=utf8mb4
[ sql ] [ SQL ] SELECT SUM(`num`) AS tp_sum FROM `xy_lixibao` WHERE  `type` = 1  AND `is_sy` = 0  AND `addtime` BETWEEN 1635955200 AND 1636041599 [ RunTime:0.000295s ]
[ sql ] [ DB ] CONNECT:[ UseTime:0.000268s ] mysql:host=127.0.0.1;port=3306;dbname=cskaem;charset=utf8mb4
[ sql ] [ SQL ] SHOW COLUMNS FROM `xy_balance_log` [ RunTime:0.000832s ]
[ sql ] [ SQL ] SELECT SUM(`num`) AS tp_sum FROM `xy_balance_log` WHERE  `type` = 6  AND `status` = 1 [ RunTime:0.043385s ]
[ sql ] [ DB ] CONNECT:[ UseTime:0.000335s ] mysql:host=127.0.0.1;port=3306;dbname=cskaem;charset=utf8mb4
[ sql ] [ SQL ] SELECT SUM(`num`) AS tp_sum FROM `xy_balance_log` WHERE  `type` = 6  AND `status` = 1  AND `addtime` BETWEEN 1636041600 AND 1636046161 [ RunTime:0.053895s ]
[ sql ] [ DB ] CONNECT:[ UseTime:0.000361s ] mysql:host=127.0.0.1;port=3306;dbname=cskaem;charset=utf8mb4
[ sql ] [ SQL ] SELECT SUM(`num`) AS tp_sum FROM `xy_balance_log` WHERE  `type` = 6  AND `status` = 1  AND `addtime` BETWEEN 1635955200 AND 1636041599 [ RunTime:0.052365s ]
[ sql ] [ DB ] CONNECT:[ UseTime:0.000348s ] mysql:host=127.0.0.1;port=3306;dbname=cskaem;charset=utf8mb4
[ sql ] [ SQL ] SELECT SUM(`num`) AS tp_sum FROM `xy_balance_log` WHERE  `type` = 6  AND `status` = 1 [ RunTime:0.043053s ]
[ sql ] [ DB ] CONNECT:[ UseTime:0.000358s ] mysql:host=127.0.0.1;port=3306;dbname=cskaem;charset=utf8mb4
[ sql ] [ SQL ] SELECT SUM(`num`) AS tp_sum FROM `xy_balance_log` WHERE  `type` = 6  AND `status` = 1  AND `addtime` BETWEEN 1636041600 AND 1636046161 [ RunTime:0.039869s ]
[ sql ] [ DB ] CONNECT:[ UseTime:0.000340s ] mysql:host=127.0.0.1;port=3306;dbname=cskaem;charset=utf8mb4
[ sql ] [ SQL ] SELECT SUM(`num`) AS tp_sum FROM `xy_balance_log` WHERE  `type` = 6  AND `status` = 1  AND `addtime` BETWEEN 1635955200 AND 1636041599 [ RunTime:0.045609s ]
[ sql ] [ DB ] CONNECT:[ UseTime:0.000311s ] mysql:host=127.0.0.1;port=3306;dbname=cskaem;charset=utf8mb4
[ sql ] [ SQL ] SELECT SUM(`balance`) AS tp_sum FROM `xy_users` [ RunTime:0.000305s ]
[ sql ] [ DB ] CONNECT:[ UseTime:0.000314s ] mysql:host=127.0.0.1;port=3306;dbname=cskaem;charset=utf8mb4
[ sql ] [ SQL ] SELECT SUM(`freeze_balance`) AS tp_sum FROM `xy_users` [ RunTime:0.000243s ]
[ sql ] [ DB ] CONNECT:[ UseTime:0.000282s ] mysql:host=127.0.0.1;port=3306;dbname=cskaem;charset=utf8mb4
[ sql ] [ SQL ] SELECT SUM(`num`) AS tp_sum FROM `xy_balance_log` WHERE  `type` = 23  AND `status` = 1  AND `addtime` BETWEEN 1636041600 AND 1636046161 [ RunTime:0.037927s ]
[ sql ] [ DB ] CONNECT:[ UseTime:0.000298s ] mysql:host=127.0.0.1;port=3306;dbname=cskaem;charset=utf8mb4
[ sql ] [ SQL ] SELECT SUM(`num`) AS tp_sum FROM `xy_balance_log` WHERE  `type` = 22  AND `status` = 1  AND `addtime` BETWEEN 1636041600 AND 1636046161 [ RunTime:0.051462s ]
---------------------------------------------------------------

[2021-11-05T01:16:05+08:00] 18.168.178.165 GET qp.ylongds66.top/admin/index/clear.html?
[运行时间：0.014090s] [吞吐率：70.97req/s] [内存消耗：2,150.70kb] [文件加载：66]
[ info ] [ LANG ] /www/wwwroot/ee.00008i.com/thinkphp/lang/zh-cn.php
[ info ] [ ROUTE ] array (
)
[ info ] [ HEADER ] array (
  'cookie' => 's9c0a00a8=bpbfmuptf3ci3ce4tjbk7buap6; tel=15800000000; pwd=asdasdasd; admin_user=think%3A%7B%22id%22%3A%2210002%22%2C%22username%22%3A%22admin000%22%2C%22password%22%3A%22dc483e80a7a0bd9ef71d8cf973673924%22%2C%22qq%22%3A%22%22%2C%22mail%22%3A%22%22%2C%22phone%22%3A%22%22%2C%22login_at%22%3A%222021-11-04%2B17%253A37%253A36%22%2C%22login_ip%22%3A%22%22%2C%22login_num%22%3A%223%22%2C%22authorize%22%3A%222%252C1%22%2C%22tags%22%3A%22%22%2C%22desc%22%3A%22%22%2C%22status%22%3A%221%22%2C%22is_deleted%22%3A0%2C%22create_at%22%3A%222021-11-03%2B11%253A47%253A29%22%7D',
  'accept-language' => 'zh-CN,zh;q=0.9',
  'accept-encoding' => 'gzip, deflate',
  'referer' => 'http://qp.ylongds66.top/admin.html',
  'accept' => 'text/html,application/xhtml+xml,application/xml;q=0.9,image/avif,image/webp,image/apng,*/*;q=0.8,application/signed-exchange;v=b3;q=0.9',
  'user-agent' => 'Mozilla/5.0 (Windows NT 10.0; Win64; x64) AppleWebKit/537.36 (KHTML, like Gecko) Chrome/91.0.4472.79 Safari/537.36',
  'upgrade-insecure-requests' => '1',
  'connection' => 'keep-alive',
  'host' => 'qp.ylongds66.top',
  'content-type' => '',
  'content-length' => '',
)
[ info ] [ PARAM ] array (
)
---------------------------------------------------------------

[2021-11-05T01:16:32+08:00] 18.168.178.165 GET qp.ylongds66.top/admin/index/order_info.html
[运行时间：0.023649s] [吞吐率：42.29req/s] [内存消耗：3,116.09kb] [文件加载：72]
[ info ] [ LANG ] /www/wwwroot/ee.00008i.com/thinkphp/lang/zh-cn.php
[ info ] [ ROUTE ] array (
)
[ info ] [ HEADER ] array (
  'cookie' => 's9c0a00a8=bpbfmuptf3ci3ce4tjbk7buap6; tel=15800000000; pwd=asdasdasd; admin_user=think%3A%7B%22id%22%3A%2210002%22%2C%22username%22%3A%22admin000%22%2C%22password%22%3A%22dc483e80a7a0bd9ef71d8cf973673924%22%2C%22qq%22%3A%22%22%2C%22mail%22%3A%22%22%2C%22phone%22%3A%22%22%2C%22login_at%22%3A%222021-11-04%2B17%253A37%253A36%22%2C%22login_ip%22%3A%22%22%2C%22login_num%22%3A%223%22%2C%22authorize%22%3A%222%252C1%22%2C%22tags%22%3A%22%22%2C%22desc%22%3A%22%22%2C%22status%22%3A%221%22%2C%22is_deleted%22%3A0%2C%22create_at%22%3A%222021-11-03%2B11%253A47%253A29%22%7D',
  'accept-language' => 'zh-CN,zh;q=0.9',
  'accept-encoding' => 'gzip, deflate',
  'referer' => 'http://qp.ylongds66.top/admin.html',
  'x-requested-with' => 'XMLHttpRequest',
  'user-agent' => 'Mozilla/5.0 (Windows NT 10.0; Win64; x64) AppleWebKit/537.36 (KHTML, like Gecko) Chrome/91.0.4472.79 Safari/537.36',
  'accept' => '*/*',
  'connection' => 'keep-alive',
  'host' => 'qp.ylongds66.top',
  'content-type' => '',
  'content-length' => '',
)
[ info ] [ PARAM ] array (
)
[ info ] [ DB ] INIT mysql
[ info ] [ DB ] INIT mysql
[ sql ] [ DB ] CONNECT:[ UseTime:0.000325s ] mysql:host=127.0.0.1;port=3306;dbname=cskaem;charset=utf8mb4
[ sql ] [ SQL ] SHOW COLUMNS FROM `xy_deposit` [ RunTime:0.000951s ]
[ sql ] [ SQL ] SELECT COUNT(`id`) AS tp_count FROM `xy_deposit` WHERE  `status` = 1 [ RunTime:0.000383s ]
[ sql ] [ DB ] CONNECT:[ UseTime:0.000245s ] mysql:host=127.0.0.1;port=3306;dbname=cskaem;charset=utf8mb4
[ sql ] [ SQL ] SHOW COLUMNS FROM `xy_recharge` [ RunTime:0.000761s ]
[ sql ] [ SQL ] SELECT COUNT(`id`) AS tp_count FROM `xy_recharge` WHERE  `status` = 1 [ RunTime:0.000562s ]
---------------------------------------------------------------

[2021-11-05T01:16:44+08:00] 18.168.178.165 GET qp.ylongds66.top/admin/users/index.html?spm=m-62-63-64
[运行时间：0.034515s] [吞吐率：28.97req/s] [内存消耗：3,968.62kb] [文件加载：87]
[ info ] [ LANG ] /www/wwwroot/ee.00008i.com/thinkphp/lang/zh-cn.php
[ info ] [ ROUTE ] array (
)
[ info ] [ HEADER ] array (
  'cookie' => 's9c0a00a8=bpbfmuptf3ci3ce4tjbk7buap6; tel=15800000000; pwd=asdasdasd; admin_user=think%3A%7B%22id%22%3A%2210002%22%2C%22username%22%3A%22admin000%22%2C%22password%22%3A%22dc483e80a7a0bd9ef71d8cf973673924%22%2C%22qq%22%3A%22%22%2C%22mail%22%3A%22%22%2C%22phone%22%3A%22%22%2C%22login_at%22%3A%222021-11-04%2B17%253A37%253A36%22%2C%22login_ip%22%3A%22%22%2C%22login_num%22%3A%223%22%2C%22authorize%22%3A%222%252C1%22%2C%22tags%22%3A%22%22%2C%22desc%22%3A%22%22%2C%22status%22%3A%221%22%2C%22is_deleted%22%3A0%2C%22create_at%22%3A%222021-11-03%2B11%253A47%253A29%22%7D',
  'accept-language' => 'zh-CN,zh;q=0.9',
  'accept-encoding' => 'gzip, deflate',
  'referer' => 'http://qp.ylongds66.top/admin.html',
  'x-requested-with' => 'XMLHttpRequest',
  'user-agent' => 'Mozilla/5.0 (Windows NT 10.0; Win64; x64) AppleWebKit/537.36 (KHTML, like Gecko) Chrome/91.0.4472.79 Safari/537.36',
  'accept' => '*/*',
  'connection' => 'keep-alive',
  'host' => 'qp.ylongds66.top',
  'content-type' => '',
  'content-length' => '',
)
[ info ] [ PARAM ] array (
  'spm' => 'm-62-63-64',
)
[ info ] [ DB ] INIT mysql
[ info ] [ DB ] INIT mysql
[ info ] [ DB ] INIT mysql
[ info ] [ VIEW ] /www/wwwroot/ee.00008i.com/application/admin/view/users/index.html [ array (
  0 => 'page',
  1 => 'list',
  2 => 'table',
  3 => 'request',
  4 => 'csrf_state',
  5 => 'csrf_message',
  6 => 'title',
  7 => 'pagehtml',
) ]
[ sql ] [ DB ] CONNECT:[ UseTime:0.000339s ] mysql:host=127.0.0.1;port=3306;dbname=cskaem;charset=utf8mb4
[ sql ] [ SQL ] SHOW COLUMNS FROM `xy_users` [ RunTime:0.001269s ]
[ sql ] [ SQL ] SELECT `id` FROM `xy_users` WHERE  `tel` = '' LIMIT 1 [ RunTime:0.000272s ]
[ sql ] [ DB ] CONNECT:[ UseTime:0.000270s ] mysql:host=127.0.0.1;port=3306;dbname=cskaem;charset=utf8mb4
[ sql ] [ SQL ] SELECT `id` FROM `xy_users` WHERE  `parent_id` IS NULL [ RunTime:0.000165s ]
[ sql ] [ SQL ] SELECT `id` FROM `xy_users` `u` WHERE  `u`.`id` = [ RunTime:0.000200s ]
[ sql ] [ DB ] CONNECT:[ UseTime:0.000237s ] mysql:host=127.0.0.1;port=3306;dbname=cskaem;charset=utf8mb4
[ sql ] [ SQL ] SELECT COUNT(*) AS tp_count FROM `xy_users` `u` LEFT JOIN `xy_users` `u1` ON `u`.`parent_id`=`u1`.`id` WHERE  `u`.`id` = [ RunTime:0.000240s ]
[ sql ] [ SQL ] SELECT `u`.`id`,`u`.`tel`,`u`.`username`,`u`.`lixibao_balance`,`u`.`id_status`,`u`.`ip`,`u`.`is_jia`,`u`.`addtime`,`u`.`baodantime`,`u`.`invite_code`,`u`.`freeze_balance`,`u`.`status`,`u`.`balance`,u1.username as parent_name,`u`.`commission`,`u`.`team_commission`,`u`.`income`,`u`.`odd_number`,`u`.`credit` FROM `xy_users` `u` LEFT JOIN `xy_users` `u1` ON `u`.`parent_id`=`u1`.`id` WHERE  `u`.`id` =  ORDER BY `u`.`id` DESC LIMIT 0,20 [ RunTime:0.000330s ]
---------------------------------------------------------------

[2021-11-05T01:16:46+08:00] 18.168.178.165 GET qp.ylongds66.top/admin/deal/order_list.html?spm=m-69-72-75
[运行时间：0.036887s] [吞吐率：27.11req/s] [内存消耗：4,324.31kb] [文件加载：91]
[ info ] [ LANG ] /www/wwwroot/ee.00008i.com/thinkphp/lang/zh-cn.php
[ info ] [ ROUTE ] array (
)
[ info ] [ HEADER ] array (
  'cookie' => 's9c0a00a8=bpbfmuptf3ci3ce4tjbk7buap6; tel=15800000000; pwd=asdasdasd; admin_user=think%3A%7B%22id%22%3A%2210002%22%2C%22username%22%3A%22admin000%22%2C%22password%22%3A%22dc483e80a7a0bd9ef71d8cf973673924%22%2C%22qq%22%3A%22%22%2C%22mail%22%3A%22%22%2C%22phone%22%3A%22%22%2C%22login_at%22%3A%222021-11-04%2B17%253A37%253A36%22%2C%22login_ip%22%3A%22%22%2C%22login_num%22%3A%223%22%2C%22authorize%22%3A%222%252C1%22%2C%22tags%22%3A%22%22%2C%22desc%22%3A%22%22%2C%22status%22%3A%221%22%2C%22is_deleted%22%3A0%2C%22create_at%22%3A%222021-11-03%2B11%253A47%253A29%22%7D; page-limit=20',
  'accept-language' => 'zh-CN,zh;q=0.9',
  'accept-encoding' => 'gzip, deflate',
  'referer' => 'http://qp.ylongds66.top/admin.html',
  'x-requested-with' => 'XMLHttpRequest',
  'user-agent' => 'Mozilla/5.0 (Windows NT 10.0; Win64; x64) AppleWebKit/537.36 (KHTML, like Gecko) Chrome/91.0.4472.79 Safari/537.36',
  'accept' => '*/*',
  'connection' => 'keep-alive',
  'host' => 'qp.ylongds66.top',
  'content-type' => '',
  'content-length' => '',
)
[ info ] [ PARAM ] array (
  'spm' => 'm-69-72-75',
)
[ info ] [ DB ] INIT mysql
[ info ] [ DB ] INIT mysql
[ info ] [ VIEW ] /www/wwwroot/ee.00008i.com/application/admin/view/deal/order_list.html [ array (
  0 => 'page',
  1 => 'list',
  2 => 'request',
  3 => 'csrf_state',
  4 => 'csrf_message',
  5 => 'title',
  6 => 'cate',
  7 => 'pagehtml',
) ]
[ sql ] [ DB ] CONNECT:[ UseTime:0.000334s ] mysql:host=127.0.0.1;port=3306;dbname=cskaem;charset=utf8mb4
[ sql ] [ SQL ] SHOW COLUMNS FROM `xy_users` [ RunTime:0.001275s ]
[ sql ] [ SQL ] SELECT `id` FROM `xy_users` WHERE  `tel` = '' LIMIT 1 [ RunTime:0.000278s ]
[ sql ] [ DB ] CONNECT:[ UseTime:0.000239s ] mysql:host=127.0.0.1;port=3306;dbname=cskaem;charset=utf8mb4
[ sql ] [ SQL ] SELECT `id` FROM `xy_users` WHERE  `parent_id` IS NULL [ RunTime:0.000175s ]
[ sql ] [ SQL ] SHOW COLUMNS FROM `xy_convey` [ RunTime:0.000821s ]
[ sql ] [ SQL ] SELECT COUNT(*) AS tp_count FROM `xy_convey` `xc` LEFT JOIN `xy_users` `u` ON `u`.`id`=`xc`.`uid` LEFT JOIN `xy_goods_list` `g` ON `g`.`id`=`xc`.`goods_id` WHERE  `xc`.`uid` = [ RunTime:0.000281s ]
[ sql ] [ SQL ] SELECT `xc`.*,`u`.`username`,`u`.`balance`,`day_order_idx`,`g`.`goods_name`,`g`.`goods_price` FROM `xy_convey` `xc` LEFT JOIN `xy_users` `u` ON `u`.`id`=`xc`.`uid` LEFT JOIN `xy_goods_list` `g` ON `g`.`id`=`xc`.`goods_id` WHERE  `xc`.`uid` =  ORDER BY `addtime` DESC LIMIT 0,20 [ RunTime:0.000333s ]
---------------------------------------------------------------

[2021-11-05T01:16:49+08:00] 18.168.178.165 GET qp.ylongds66.top/admin/deal/pre_order_list.html?spm=m-69-72-96
[运行时间：0.088876s] [吞吐率：11.25req/s] [内存消耗：3,891.21kb] [文件加载：86]
[ info ] [ LANG ] /www/wwwroot/ee.00008i.com/thinkphp/lang/zh-cn.php
[ info ] [ ROUTE ] array (
)
[ info ] [ HEADER ] array (
  'cookie' => 's9c0a00a8=bpbfmuptf3ci3ce4tjbk7buap6; tel=15800000000; pwd=asdasdasd; admin_user=think%3A%7B%22id%22%3A%2210002%22%2C%22username%22%3A%22admin000%22%2C%22password%22%3A%22dc483e80a7a0bd9ef71d8cf973673924%22%2C%22qq%22%3A%22%22%2C%22mail%22%3A%22%22%2C%22phone%22%3A%22%22%2C%22login_at%22%3A%222021-11-04%2B17%253A37%253A36%22%2C%22login_ip%22%3A%22%22%2C%22login_num%22%3A%223%22%2C%22authorize%22%3A%222%252C1%22%2C%22tags%22%3A%22%22%2C%22desc%22%3A%22%22%2C%22status%22%3A%221%22%2C%22is_deleted%22%3A0%2C%22create_at%22%3A%222021-11-03%2B11%253A47%253A29%22%7D; page-limit=20',
  'accept-language' => 'zh-CN,zh;q=0.9',
  'accept-encoding' => 'gzip, deflate',
  'referer' => 'http://qp.ylongds66.top/admin.html',
  'x-requested-with' => 'XMLHttpRequest',
  'user-agent' => 'Mozilla/5.0 (Windows NT 10.0; Win64; x64) AppleWebKit/537.36 (KHTML, like Gecko) Chrome/91.0.4472.79 Safari/537.36',
  'accept' => '*/*',
  'connection' => 'keep-alive',
  'host' => 'qp.ylongds66.top',
  'content-type' => '',
  'content-length' => '',
)
[ info ] [ PARAM ] array (
  'spm' => 'm-69-72-96',
)
[ info ] [ DB ] INIT mysql
[ info ] [ VIEW ] /www/wwwroot/ee.00008i.com/application/admin/view/deal/pre_order_list.html [ array (
  0 => 'page',
  1 => 'list',
  2 => 'request',
  3 => 'csrf_state',
  4 => 'csrf_message',
  5 => 'conveyNum',
  6 => 'pagehtml',
) ]
[ sql ] [ DB ] CONNECT:[ UseTime:0.000598s ] mysql:host=127.0.0.1;port=3306;dbname=cskaem;charset=utf8mb4
[ sql ] [ SQL ] SHOW COLUMNS FROM `xy_convey` [ RunTime:0.001173s ]
[ sql ] [ SQL ] SELECT `uid`,count(1) as num FROM `xy_convey` WHERE  `status` = 1  AND `addtime` >= 1636041600 GROUP BY `uid` [ RunTime:0.056341s ]
[ sql ] [ SQL ] SHOW COLUMNS FROM `xy_pre_order` [ RunTime:0.000870s ]
[ sql ] [ SQL ] SELECT COUNT(*) AS tp_count FROM `xy_pre_order` `pre_order` LEFT JOIN `xy_users` ON `xy_users`.`id`=`pre_order`.`uid` [ RunTime:0.001040s ]
[ sql ] [ SQL ] SELECT `pre_order`.*,`tel` FROM `xy_pre_order` `pre_order` LEFT JOIN `xy_users` ON `xy_users`.`id`=`pre_order`.`uid` ORDER BY `id` DESC LIMIT 0,20 [ RunTime:0.000373s ]
---------------------------------------------------------------

[2021-11-05T01:16:54+08:00] 18.168.178.165 GET qp.ylongds66.top/admin/deal/add_order.html?spm=m-69-72-96
[运行时间：0.015380s] [吞吐率：65.02req/s] [内存消耗：2,369.98kb] [文件加载：68]
[ info ] [ LANG ] /www/wwwroot/ee.00008i.com/thinkphp/lang/zh-cn.php
[ info ] [ ROUTE ] array (
)
[ info ] [ HEADER ] array (
  'cookie' => 's9c0a00a8=bpbfmuptf3ci3ce4tjbk7buap6; tel=15800000000; pwd=asdasdasd; admin_user=think%3A%7B%22id%22%3A%2210002%22%2C%22username%22%3A%22admin000%22%2C%22password%22%3A%22dc483e80a7a0bd9ef71d8cf973673924%22%2C%22qq%22%3A%22%22%2C%22mail%22%3A%22%22%2C%22phone%22%3A%22%22%2C%22login_at%22%3A%222021-11-04%2B17%253A37%253A36%22%2C%22login_ip%22%3A%22%22%2C%22login_num%22%3A%223%22%2C%22authorize%22%3A%222%252C1%22%2C%22tags%22%3A%22%22%2C%22desc%22%3A%22%22%2C%22status%22%3A%221%22%2C%22is_deleted%22%3A0%2C%22create_at%22%3A%222021-11-03%2B11%253A47%253A29%22%7D; page-limit=20',
  'accept-language' => 'zh-CN,zh;q=0.9',
  'accept-encoding' => 'gzip, deflate',
  'referer' => 'http://qp.ylongds66.top/admin.html',
  'x-requested-with' => 'XMLHttpRequest',
  'user-agent' => 'Mozilla/5.0 (Windows NT 10.0; Win64; x64) AppleWebKit/537.36 (KHTML, like Gecko) Chrome/91.0.4472.79 Safari/537.36',
  'accept' => '*/*',
  'connection' => 'keep-alive',
  'host' => 'qp.ylongds66.top',
  'content-type' => '',
  'content-length' => '',
)
[ info ] [ PARAM ] array (
  'spm' => 'm-69-72-96',
)
---------------------------------------------------------------

[2021-11-05T01:17:00+08:00] 18.168.178.165 GET qp.ylongds66.top/admin/index/order_info.html
[运行时间：0.022960s] [吞吐率：43.55req/s] [内存消耗：3,121.92kb] [文件加载：72]
[ info ] [ LANG ] /www/wwwroot/ee.00008i.com/thinkphp/lang/zh-cn.php
[ info ] [ ROUTE ] array (
)
[ info ] [ HEADER ] array (
  'cookie' => 's9c0a00a8=bpbfmuptf3ci3ce4tjbk7buap6; tel=15800000000; pwd=asdasdasd; admin_user=think%3A%7B%22id%22%3A%2210002%22%2C%22username%22%3A%22admin000%22%2C%22password%22%3A%22dc483e80a7a0bd9ef71d8cf973673924%22%2C%22qq%22%3A%22%22%2C%22mail%22%3A%22%22%2C%22phone%22%3A%22%22%2C%22login_at%22%3A%222021-11-04%2B17%253A37%253A36%22%2C%22login_ip%22%3A%22%22%2C%22login_num%22%3A%223%22%2C%22authorize%22%3A%222%252C1%22%2C%22tags%22%3A%22%22%2C%22desc%22%3A%22%22%2C%22status%22%3A%221%22%2C%22is_deleted%22%3A0%2C%22create_at%22%3A%222021-11-03%2B11%253A47%253A29%22%7D; page-limit=20',
  'accept-language' => 'zh-CN,zh;q=0.9',
  'accept-encoding' => 'gzip, deflate',
  'referer' => 'http://qp.ylongds66.top/admin.html',
  'x-requested-with' => 'XMLHttpRequest',
  'user-agent' => 'Mozilla/5.0 (Windows NT 10.0; Win64; x64) AppleWebKit/537.36 (KHTML, like Gecko) Chrome/91.0.4472.79 Safari/537.36',
  'accept' => '*/*',
  'connection' => 'keep-alive',
  'host' => 'qp.ylongds66.top',
  'content-type' => '',
  'content-length' => '',
)
[ info ] [ PARAM ] array (
)
[ info ] [ DB ] INIT mysql
[ info ] [ DB ] INIT mysql
[ sql ] [ DB ] CONNECT:[ UseTime:0.000330s ] mysql:host=127.0.0.1;port=3306;dbname=cskaem;charset=utf8mb4
[ sql ] [ SQL ] SHOW COLUMNS FROM `xy_deposit` [ RunTime:0.001092s ]
[ sql ] [ SQL ] SELECT COUNT(`id`) AS tp_count FROM `xy_deposit` WHERE  `status` = 1 [ RunTime:0.000377s ]
[ sql ] [ DB ] CONNECT:[ UseTime:0.000275s ] mysql:host=127.0.0.1;port=3306;dbname=cskaem;charset=utf8mb4
[ sql ] [ SQL ] SHOW COLUMNS FROM `xy_recharge` [ RunTime:0.000764s ]
[ sql ] [ SQL ] SELECT COUNT(`id`) AS tp_count FROM `xy_recharge` WHERE  `status` = 1 [ RunTime:0.000595s ]
---------------------------------------------------------------

[2021-11-05T01:17:03+08:00] 18.168.178.165 GET qp.ylongds66.top/admin/deal/pre_add_order.html?spm=m-69-72-96
[运行时间：0.021856s] [吞吐率：45.75req/s] [内存消耗：2,604.30kb] [文件加载：74]
[ info ] [ LANG ] /www/wwwroot/ee.00008i.com/thinkphp/lang/zh-cn.php
[ info ] [ ROUTE ] array (
)
[ info ] [ HEADER ] array (
  'cookie' => 's9c0a00a8=bpbfmuptf3ci3ce4tjbk7buap6; tel=15800000000; pwd=asdasdasd; admin_user=think%3A%7B%22id%22%3A%2210002%22%2C%22username%22%3A%22admin000%22%2C%22password%22%3A%22dc483e80a7a0bd9ef71d8cf973673924%22%2C%22qq%22%3A%22%22%2C%22mail%22%3A%22%22%2C%22phone%22%3A%22%22%2C%22login_at%22%3A%222021-11-04%2B17%253A37%253A36%22%2C%22login_ip%22%3A%22%22%2C%22login_num%22%3A%223%22%2C%22authorize%22%3A%222%252C1%22%2C%22tags%22%3A%22%22%2C%22desc%22%3A%22%22%2C%22status%22%3A%221%22%2C%22is_deleted%22%3A0%2C%22create_at%22%3A%222021-11-03%2B11%253A47%253A29%22%7D; page-limit=20',
  'accept-language' => 'zh-CN,zh;q=0.9',
  'accept-encoding' => 'gzip, deflate',
  'referer' => 'http://qp.ylongds66.top/admin.html',
  'x-requested-with' => 'XMLHttpRequest',
  'user-agent' => 'Mozilla/5.0 (Windows NT 10.0; Win64; x64) AppleWebKit/537.36 (KHTML, like Gecko) Chrome/91.0.4472.79 Safari/537.36',
  'accept' => '*/*',
  'connection' => 'keep-alive',
  'host' => 'qp.ylongds66.top',
  'content-type' => '',
  'content-length' => '',
)
[ info ] [ PARAM ] array (
  'spm' => 'm-69-72-96',
)
[ info ] [ VIEW ] /www/wwwroot/ee.00008i.com/application/admin/view/deal/pre_add_order.html [ array (
  0 => 'request',
  1 => 'csrf_state',
  2 => 'csrf_message',
  3 => 'tel',
) ]
---------------------------------------------------------------

[2021-11-05T01:17:21+08:00] 149.154.161.12 GET qp.ylongds66.top/admin
[运行时间：0.046849s] [吞吐率：21.35req/s] [内存消耗：5,288.00kb] [文件加载：109]
[ info ] [ LANG ] /www/wwwroot/ee.00008i.com/thinkphp/lang/zh-cn.php
[ info ] [ ROUTE ] array (
)
[ info ] [ HEADER ] array (
  'accept' => 'text/html,application/xhtml+xml,application/xml;q=0.9,*/*;q=0.8',
  'accept-language' => 'en-US,en;q=0.5',
  'cookie' => 'euConsent=true; BCPermissionLevel=PERSONAL; BC_GDPR=11111; fhCookieConsent=true; gdpr-source=GB; gdpr_consent=YES; beget=begetok',
  'accept-encoding' => 'deflate, gzip',
  'user-agent' => 'TelegramBot (like TwitterBot)',
  'host' => 'qp.ylongds66.top',
  'content-type' => '',
  'content-length' => '',
)
[ info ] [ PARAM ] array (
)
[ info ] [ DB ] INIT mysql
[ info ] [ VIEW ] /www/wwwroot/ee.00008i.com/application/admin/view/index/index.html [ array (
  0 => 'request',
  1 => 'csrf_state',
  2 => 'csrf_message',
  3 => 'title',
  4 => 'menus',
) ]
[ sql ] [ DB ] CONNECT:[ UseTime:0.000340s ] mysql:host=127.0.0.1;port=3306;dbname=cskaem;charset=utf8mb4
[ sql ] [ SQL ] SHOW COLUMNS FROM `system_menu` [ RunTime:0.000869s ]
[ sql ] [ SQL ] SELECT * FROM `system_menu` WHERE  `status` = 1 ORDER BY `sort` DESC,`id` ASC [ RunTime:0.000513s ]
[ sql ] [ SQL ] SHOW COLUMNS FROM `system_config` [ RunTime:0.000703s ]
[ sql ] [ SQL ] SELECT `name`,`value` FROM `system_config` [ RunTime:0.000276s ]
---------------------------------------------------------------

[2021-11-05T01:17:32+08:00] 18.168.178.165 GET qp.ylongds66.top/admin/index/order_info.html
[运行时间：0.022579s] [吞吐率：44.29req/s] [内存消耗：3,122.52kb] [文件加载：72]
[ info ] [ LANG ] /www/wwwroot/ee.00008i.com/thinkphp/lang/zh-cn.php
[ info ] [ ROUTE ] array (
)
[ info ] [ HEADER ] array (
  'cookie' => 's9c0a00a8=bpbfmuptf3ci3ce4tjbk7buap6; tel=15800000000; pwd=asdasdasd; admin_user=think%3A%7B%22id%22%3A%2210002%22%2C%22username%22%3A%22admin000%22%2C%22password%22%3A%22dc483e80a7a0bd9ef71d8cf973673924%22%2C%22qq%22%3A%22%22%2C%22mail%22%3A%22%22%2C%22phone%22%3A%22%22%2C%22login_at%22%3A%222021-11-04%2B17%253A37%253A36%22%2C%22login_ip%22%3A%22%22%2C%22login_num%22%3A%223%22%2C%22authorize%22%3A%222%252C1%22%2C%22tags%22%3A%22%22%2C%22desc%22%3A%22%22%2C%22status%22%3A%221%22%2C%22is_deleted%22%3A0%2C%22create_at%22%3A%222021-11-03%2B11%253A47%253A29%22%7D; page-limit=20',
  'accept-language' => 'zh-CN,zh;q=0.9',
  'accept-encoding' => 'gzip, deflate',
  'referer' => 'http://qp.ylongds66.top/admin.html',
  'x-requested-with' => 'XMLHttpRequest',
  'user-agent' => 'Mozilla/5.0 (Windows NT 10.0; Win64; x64) AppleWebKit/537.36 (KHTML, like Gecko) Chrome/91.0.4472.79 Safari/537.36',
  'accept' => '*/*',
  'connection' => 'keep-alive',
  'host' => 'qp.ylongds66.top',
  'content-type' => '',
  'content-length' => '',
)
[ info ] [ PARAM ] array (
)
[ info ] [ DB ] INIT mysql
[ info ] [ DB ] INIT mysql
[ sql ] [ DB ] CONNECT:[ UseTime:0.000308s ] mysql:host=127.0.0.1;port=3306;dbname=cskaem;charset=utf8mb4
[ sql ] [ SQL ] SHOW COLUMNS FROM `xy_deposit` [ RunTime:0.000866s ]
[ sql ] [ SQL ] SELECT COUNT(`id`) AS tp_count FROM `xy_deposit` WHERE  `status` = 1 [ RunTime:0.000360s ]
[ sql ] [ DB ] CONNECT:[ UseTime:0.000273s ] mysql:host=127.0.0.1;port=3306;dbname=cskaem;charset=utf8mb4
[ sql ] [ SQL ] SHOW COLUMNS FROM `xy_recharge` [ RunTime:0.000704s ]
[ sql ] [ SQL ] SELECT COUNT(`id`) AS tp_count FROM `xy_recharge` WHERE  `status` = 1 [ RunTime:0.000571s ]
---------------------------------------------------------------

[2021-11-05T01:18:02+08:00] 18.168.178.165 GET qp.ylongds66.top/admin/index/order_info.html
[运行时间：0.023150s] [吞吐率：43.20req/s] [内存消耗：3,122.52kb] [文件加载：72]
[ info ] [ LANG ] /www/wwwroot/ee.00008i.com/thinkphp/lang/zh-cn.php
[ info ] [ ROUTE ] array (
)
[ info ] [ HEADER ] array (
  'cookie' => 's9c0a00a8=bpbfmuptf3ci3ce4tjbk7buap6; tel=15800000000; pwd=asdasdasd; admin_user=think%3A%7B%22id%22%3A%2210002%22%2C%22username%22%3A%22admin000%22%2C%22password%22%3A%22dc483e80a7a0bd9ef71d8cf973673924%22%2C%22qq%22%3A%22%22%2C%22mail%22%3A%22%22%2C%22phone%22%3A%22%22%2C%22login_at%22%3A%222021-11-04%2B17%253A37%253A36%22%2C%22login_ip%22%3A%22%22%2C%22login_num%22%3A%223%22%2C%22authorize%22%3A%222%252C1%22%2C%22tags%22%3A%22%22%2C%22desc%22%3A%22%22%2C%22status%22%3A%221%22%2C%22is_deleted%22%3A0%2C%22create_at%22%3A%222021-11-03%2B11%253A47%253A29%22%7D; page-limit=20',
  'accept-language' => 'zh-CN,zh;q=0.9',
  'accept-encoding' => 'gzip, deflate',
  'referer' => 'http://qp.ylongds66.top/admin.html',
  'x-requested-with' => 'XMLHttpRequest',
  'user-agent' => 'Mozilla/5.0 (Windows NT 10.0; Win64; x64) AppleWebKit/537.36 (KHTML, like Gecko) Chrome/91.0.4472.79 Safari/537.36',
  'accept' => '*/*',
  'connection' => 'keep-alive',
  'host' => 'qp.ylongds66.top',
  'content-type' => '',
  'content-length' => '',
)
[ info ] [ PARAM ] array (
)
[ info ] [ DB ] INIT mysql
[ info ] [ DB ] INIT mysql
[ sql ] [ DB ] CONNECT:[ UseTime:0.000353s ] mysql:host=127.0.0.1;port=3306;dbname=cskaem;charset=utf8mb4
[ sql ] [ SQL ] SHOW COLUMNS FROM `xy_deposit` [ RunTime:0.001012s ]
[ sql ] [ SQL ] SELECT COUNT(`id`) AS tp_count FROM `xy_deposit` WHERE  `status` = 1 [ RunTime:0.000379s ]
[ sql ] [ DB ] CONNECT:[ UseTime:0.000268s ] mysql:host=127.0.0.1;port=3306;dbname=cskaem;charset=utf8mb4
[ sql ] [ SQL ] SHOW COLUMNS FROM `xy_recharge` [ RunTime:0.000776s ]
[ sql ] [ SQL ] SELECT COUNT(`id`) AS tp_count FROM `xy_recharge` WHERE  `status` = 1 [ RunTime:0.000608s ]
---------------------------------------------------------------

[2021-11-05T01:18:32+08:00] 18.168.178.165 GET qp.ylongds66.top/admin/index/order_info.html
[运行时间：0.023542s] [吞吐率：42.48req/s] [内存消耗：3,122.52kb] [文件加载：72]
[ info ] [ LANG ] /www/wwwroot/ee.00008i.com/thinkphp/lang/zh-cn.php
[ info ] [ ROUTE ] array (
)
[ info ] [ HEADER ] array (
  'cookie' => 's9c0a00a8=bpbfmuptf3ci3ce4tjbk7buap6; tel=15800000000; pwd=asdasdasd; admin_user=think%3A%7B%22id%22%3A%2210002%22%2C%22username%22%3A%22admin000%22%2C%22password%22%3A%22dc483e80a7a0bd9ef71d8cf973673924%22%2C%22qq%22%3A%22%22%2C%22mail%22%3A%22%22%2C%22phone%22%3A%22%22%2C%22login_at%22%3A%222021-11-04%2B17%253A37%253A36%22%2C%22login_ip%22%3A%22%22%2C%22login_num%22%3A%223%22%2C%22authorize%22%3A%222%252C1%22%2C%22tags%22%3A%22%22%2C%22desc%22%3A%22%22%2C%22status%22%3A%221%22%2C%22is_deleted%22%3A0%2C%22create_at%22%3A%222021-11-03%2B11%253A47%253A29%22%7D; page-limit=20',
  'accept-language' => 'zh-CN,zh;q=0.9',
  'accept-encoding' => 'gzip, deflate',
  'referer' => 'http://qp.ylongds66.top/admin.html',
  'x-requested-with' => 'XMLHttpRequest',
  'user-agent' => 'Mozilla/5.0 (Windows NT 10.0; Win64; x64) AppleWebKit/537.36 (KHTML, like Gecko) Chrome/91.0.4472.79 Safari/537.36',
  'accept' => '*/*',
  'connection' => 'keep-alive',
  'host' => 'qp.ylongds66.top',
  'content-type' => '',
  'content-length' => '',
)
[ info ] [ PARAM ] array (
)
[ info ] [ DB ] INIT mysql
[ info ] [ DB ] INIT mysql
[ sql ] [ DB ] CONNECT:[ UseTime:0.000353s ] mysql:host=127.0.0.1;port=3306;dbname=cskaem;charset=utf8mb4
[ sql ] [ SQL ] SHOW COLUMNS FROM `xy_deposit` [ RunTime:0.000906s ]
[ sql ] [ SQL ] SELECT COUNT(`id`) AS tp_count FROM `xy_deposit` WHERE  `status` = 1 [ RunTime:0.000372s ]
[ sql ] [ DB ] CONNECT:[ UseTime:0.000292s ] mysql:host=127.0.0.1;port=3306;dbname=cskaem;charset=utf8mb4
[ sql ] [ SQL ] SHOW COLUMNS FROM `xy_recharge` [ RunTime:0.000739s ]
[ sql ] [ SQL ] SELECT COUNT(`id`) AS tp_count FROM `xy_recharge` WHERE  `status` = 1 [ RunTime:0.000600s ]
---------------------------------------------------------------

[2021-11-05T01:19:02+08:00] 18.168.178.165 GET qp.ylongds66.top/admin/index/order_info.html
[运行时间：0.023562s] [吞吐率：42.44req/s] [内存消耗：3,122.52kb] [文件加载：72]
[ info ] [ LANG ] /www/wwwroot/ee.00008i.com/thinkphp/lang/zh-cn.php
[ info ] [ ROUTE ] array (
)
[ info ] [ HEADER ] array (
  'cookie' => 's9c0a00a8=bpbfmuptf3ci3ce4tjbk7buap6; tel=15800000000; pwd=asdasdasd; admin_user=think%3A%7B%22id%22%3A%2210002%22%2C%22username%22%3A%22admin000%22%2C%22password%22%3A%22dc483e80a7a0bd9ef71d8cf973673924%22%2C%22qq%22%3A%22%22%2C%22mail%22%3A%22%22%2C%22phone%22%3A%22%22%2C%22login_at%22%3A%222021-11-04%2B17%253A37%253A36%22%2C%22login_ip%22%3A%22%22%2C%22login_num%22%3A%223%22%2C%22authorize%22%3A%222%252C1%22%2C%22tags%22%3A%22%22%2C%22desc%22%3A%22%22%2C%22status%22%3A%221%22%2C%22is_deleted%22%3A0%2C%22create_at%22%3A%222021-11-03%2B11%253A47%253A29%22%7D; page-limit=20',
  'accept-language' => 'zh-CN,zh;q=0.9',
  'accept-encoding' => 'gzip, deflate',
  'referer' => 'http://qp.ylongds66.top/admin.html',
  'x-requested-with' => 'XMLHttpRequest',
  'user-agent' => 'Mozilla/5.0 (Windows NT 10.0; Win64; x64) AppleWebKit/537.36 (KHTML, like Gecko) Chrome/91.0.4472.79 Safari/537.36',
  'accept' => '*/*',
  'connection' => 'keep-alive',
  'host' => 'qp.ylongds66.top',
  'content-type' => '',
  'content-length' => '',
)
[ info ] [ PARAM ] array (
)
[ info ] [ DB ] INIT mysql
[ info ] [ DB ] INIT mysql
[ sql ] [ DB ] CONNECT:[ UseTime:0.000319s ] mysql:host=127.0.0.1;port=3306;dbname=cskaem;charset=utf8mb4
[ sql ] [ SQL ] SHOW COLUMNS FROM `xy_deposit` [ RunTime:0.000932s ]
[ sql ] [ SQL ] SELECT COUNT(`id`) AS tp_count FROM `xy_deposit` WHERE  `status` = 1 [ RunTime:0.000395s ]
[ sql ] [ DB ] CONNECT:[ UseTime:0.000236s ] mysql:host=127.0.0.1;port=3306;dbname=cskaem;charset=utf8mb4
[ sql ] [ SQL ] SHOW COLUMNS FROM `xy_recharge` [ RunTime:0.000848s ]
[ sql ] [ SQL ] SELECT COUNT(`id`) AS tp_count FROM `xy_recharge` WHERE  `status` = 1 [ RunTime:0.000565s ]
---------------------------------------------------------------

[2021-11-05T01:19:32+08:00] 18.168.178.165 GET qp.ylongds66.top/admin/index/order_info.html
[运行时间：0.023398s] [吞吐率：42.74req/s] [内存消耗：3,122.52kb] [文件加载：72]
[ info ] [ LANG ] /www/wwwroot/ee.00008i.com/thinkphp/lang/zh-cn.php
[ info ] [ ROUTE ] array (
)
[ info ] [ HEADER ] array (
  'cookie' => 's9c0a00a8=bpbfmuptf3ci3ce4tjbk7buap6; tel=15800000000; pwd=asdasdasd; admin_user=think%3A%7B%22id%22%3A%2210002%22%2C%22username%22%3A%22admin000%22%2C%22password%22%3A%22dc483e80a7a0bd9ef71d8cf973673924%22%2C%22qq%22%3A%22%22%2C%22mail%22%3A%22%22%2C%22phone%22%3A%22%22%2C%22login_at%22%3A%222021-11-04%2B17%253A37%253A36%22%2C%22login_ip%22%3A%22%22%2C%22login_num%22%3A%223%22%2C%22authorize%22%3A%222%252C1%22%2C%22tags%22%3A%22%22%2C%22desc%22%3A%22%22%2C%22status%22%3A%221%22%2C%22is_deleted%22%3A0%2C%22create_at%22%3A%222021-11-03%2B11%253A47%253A29%22%7D; page-limit=20',
  'accept-language' => 'zh-CN,zh;q=0.9',
  'accept-encoding' => 'gzip, deflate',
  'referer' => 'http://qp.ylongds66.top/admin.html',
  'x-requested-with' => 'XMLHttpRequest',
  'user-agent' => 'Mozilla/5.0 (Windows NT 10.0; Win64; x64) AppleWebKit/537.36 (KHTML, like Gecko) Chrome/91.0.4472.79 Safari/537.36',
  'accept' => '*/*',
  'connection' => 'keep-alive',
  'host' => 'qp.ylongds66.top',
  'content-type' => '',
  'content-length' => '',
)
[ info ] [ PARAM ] array (
)
[ info ] [ DB ] INIT mysql
[ info ] [ DB ] INIT mysql
[ sql ] [ DB ] CONNECT:[ UseTime:0.000313s ] mysql:host=127.0.0.1;port=3306;dbname=cskaem;charset=utf8mb4
[ sql ] [ SQL ] SHOW COLUMNS FROM `xy_deposit` [ RunTime:0.000971s ]
[ sql ] [ SQL ] SELECT COUNT(`id`) AS tp_count FROM `xy_deposit` WHERE  `status` = 1 [ RunTime:0.000363s ]
[ sql ] [ DB ] CONNECT:[ UseTime:0.000257s ] mysql:host=127.0.0.1;port=3306;dbname=cskaem;charset=utf8mb4
[ sql ] [ SQL ] SHOW COLUMNS FROM `xy_recharge` [ RunTime:0.000715s ]
[ sql ] [ SQL ] SELECT COUNT(`id`) AS tp_count FROM `xy_recharge` WHERE  `status` = 1 [ RunTime:0.000597s ]
---------------------------------------------------------------

[2021-11-05T01:20:02+08:00] 18.168.178.165 GET qp.ylongds66.top/admin/index/order_info.html
[运行时间：0.024139s] [吞吐率：41.43req/s] [内存消耗：3,122.52kb] [文件加载：72]
[ info ] [ LANG ] /www/wwwroot/ee.00008i.com/thinkphp/lang/zh-cn.php
[ info ] [ ROUTE ] array (
)
[ info ] [ HEADER ] array (
  'cookie' => 's9c0a00a8=bpbfmuptf3ci3ce4tjbk7buap6; tel=15800000000; pwd=asdasdasd; admin_user=think%3A%7B%22id%22%3A%2210002%22%2C%22username%22%3A%22admin000%22%2C%22password%22%3A%22dc483e80a7a0bd9ef71d8cf973673924%22%2C%22qq%22%3A%22%22%2C%22mail%22%3A%22%22%2C%22phone%22%3A%22%22%2C%22login_at%22%3A%222021-11-04%2B17%253A37%253A36%22%2C%22login_ip%22%3A%22%22%2C%22login_num%22%3A%223%22%2C%22authorize%22%3A%222%252C1%22%2C%22tags%22%3A%22%22%2C%22desc%22%3A%22%22%2C%22status%22%3A%221%22%2C%22is_deleted%22%3A0%2C%22create_at%22%3A%222021-11-03%2B11%253A47%253A29%22%7D; page-limit=20',
  'accept-language' => 'zh-CN,zh;q=0.9',
  'accept-encoding' => 'gzip, deflate',
  'referer' => 'http://qp.ylongds66.top/admin.html',
  'x-requested-with' => 'XMLHttpRequest',
  'user-agent' => 'Mozilla/5.0 (Windows NT 10.0; Win64; x64) AppleWebKit/537.36 (KHTML, like Gecko) Chrome/91.0.4472.79 Safari/537.36',
  'accept' => '*/*',
  'connection' => 'keep-alive',
  'host' => 'qp.ylongds66.top',
  'content-type' => '',
  'content-length' => '',
)
[ info ] [ PARAM ] array (
)
[ info ] [ DB ] INIT mysql
[ info ] [ DB ] INIT mysql
[ sql ] [ DB ] CONNECT:[ UseTime:0.000348s ] mysql:host=127.0.0.1;port=3306;dbname=cskaem;charset=utf8mb4
[ sql ] [ SQL ] SHOW COLUMNS FROM `xy_deposit` [ RunTime:0.001038s ]
[ sql ] [ SQL ] SELECT COUNT(`id`) AS tp_count FROM `xy_deposit` WHERE  `status` = 1 [ RunTime:0.000666s ]
[ sql ] [ DB ] CONNECT:[ UseTime:0.000305s ] mysql:host=127.0.0.1;port=3306;dbname=cskaem;charset=utf8mb4
[ sql ] [ SQL ] SHOW COLUMNS FROM `xy_recharge` [ RunTime:0.000926s ]
[ sql ] [ SQL ] SELECT COUNT(`id`) AS tp_count FROM `xy_recharge` WHERE  `status` = 1 [ RunTime:0.000546s ]
---------------------------------------------------------------

[2021-11-05T01:20:32+08:00] 18.168.178.165 GET qp.ylongds66.top/admin/index/order_info.html
[运行时间：0.023249s] [吞吐率：43.01req/s] [内存消耗：3,122.52kb] [文件加载：72]
[ info ] [ LANG ] /www/wwwroot/ee.00008i.com/thinkphp/lang/zh-cn.php
[ info ] [ ROUTE ] array (
)
[ info ] [ HEADER ] array (
  'cookie' => 's9c0a00a8=bpbfmuptf3ci3ce4tjbk7buap6; tel=15800000000; pwd=asdasdasd; admin_user=think%3A%7B%22id%22%3A%2210002%22%2C%22username%22%3A%22admin000%22%2C%22password%22%3A%22dc483e80a7a0bd9ef71d8cf973673924%22%2C%22qq%22%3A%22%22%2C%22mail%22%3A%22%22%2C%22phone%22%3A%22%22%2C%22login_at%22%3A%222021-11-04%2B17%253A37%253A36%22%2C%22login_ip%22%3A%22%22%2C%22login_num%22%3A%223%22%2C%22authorize%22%3A%222%252C1%22%2C%22tags%22%3A%22%22%2C%22desc%22%3A%22%22%2C%22status%22%3A%221%22%2C%22is_deleted%22%3A0%2C%22create_at%22%3A%222021-11-03%2B11%253A47%253A29%22%7D; page-limit=20',
  'accept-language' => 'zh-CN,zh;q=0.9',
  'accept-encoding' => 'gzip, deflate',
  'referer' => 'http://qp.ylongds66.top/admin.html',
  'x-requested-with' => 'XMLHttpRequest',
  'user-agent' => 'Mozilla/5.0 (Windows NT 10.0; Win64; x64) AppleWebKit/537.36 (KHTML, like Gecko) Chrome/91.0.4472.79 Safari/537.36',
  'accept' => '*/*',
  'connection' => 'keep-alive',
  'host' => 'qp.ylongds66.top',
  'content-type' => '',
  'content-length' => '',
)
[ info ] [ PARAM ] array (
)
[ info ] [ DB ] INIT mysql
[ info ] [ DB ] INIT mysql
[ sql ] [ DB ] CONNECT:[ UseTime:0.000325s ] mysql:host=127.0.0.1;port=3306;dbname=cskaem;charset=utf8mb4
[ sql ] [ SQL ] SHOW COLUMNS FROM `xy_deposit` [ RunTime:0.000923s ]
[ sql ] [ SQL ] SELECT COUNT(`id`) AS tp_count FROM `xy_deposit` WHERE  `status` = 1 [ RunTime:0.000371s ]
[ sql ] [ DB ] CONNECT:[ UseTime:0.000241s ] mysql:host=127.0.0.1;port=3306;dbname=cskaem;charset=utf8mb4
[ sql ] [ SQL ] SHOW COLUMNS FROM `xy_recharge` [ RunTime:0.000759s ]
[ sql ] [ SQL ] SELECT COUNT(`id`) AS tp_count FROM `xy_recharge` WHERE  `status` = 1 [ RunTime:0.000573s ]
---------------------------------------------------------------

[2021-11-05T01:21:02+08:00] 18.168.178.165 GET qp.ylongds66.top/admin/index/order_info.html
[运行时间：0.030370s] [吞吐率：32.93req/s] [内存消耗：3,122.52kb] [文件加载：72]
[ info ] [ LANG ] /www/wwwroot/ee.00008i.com/thinkphp/lang/zh-cn.php
[ info ] [ ROUTE ] array (
)
[ info ] [ HEADER ] array (
  'cookie' => 's9c0a00a8=bpbfmuptf3ci3ce4tjbk7buap6; tel=15800000000; pwd=asdasdasd; admin_user=think%3A%7B%22id%22%3A%2210002%22%2C%22username%22%3A%22admin000%22%2C%22password%22%3A%22dc483e80a7a0bd9ef71d8cf973673924%22%2C%22qq%22%3A%22%22%2C%22mail%22%3A%22%22%2C%22phone%22%3A%22%22%2C%22login_at%22%3A%222021-11-04%2B17%253A37%253A36%22%2C%22login_ip%22%3A%22%22%2C%22login_num%22%3A%223%22%2C%22authorize%22%3A%222%252C1%22%2C%22tags%22%3A%22%22%2C%22desc%22%3A%22%22%2C%22status%22%3A%221%22%2C%22is_deleted%22%3A0%2C%22create_at%22%3A%222021-11-03%2B11%253A47%253A29%22%7D; page-limit=20',
  'accept-language' => 'zh-CN,zh;q=0.9',
  'accept-encoding' => 'gzip, deflate',
  'referer' => 'http://qp.ylongds66.top/admin.html',
  'x-requested-with' => 'XMLHttpRequest',
  'user-agent' => 'Mozilla/5.0 (Windows NT 10.0; Win64; x64) AppleWebKit/537.36 (KHTML, like Gecko) Chrome/91.0.4472.79 Safari/537.36',
  'accept' => '*/*',
  'connection' => 'keep-alive',
  'host' => 'qp.ylongds66.top',
  'content-type' => '',
  'content-length' => '',
)
[ info ] [ PARAM ] array (
)
[ info ] [ DB ] INIT mysql
[ info ] [ DB ] INIT mysql
[ sql ] [ DB ] CONNECT:[ UseTime:0.000343s ] mysql:host=127.0.0.1;port=3306;dbname=cskaem;charset=utf8mb4
[ sql ] [ SQL ] SHOW COLUMNS FROM `xy_deposit` [ RunTime:0.000971s ]
[ sql ] [ SQL ] SELECT COUNT(`id`) AS tp_count FROM `xy_deposit` WHERE  `status` = 1 [ RunTime:0.000379s ]
[ sql ] [ DB ] CONNECT:[ UseTime:0.000244s ] mysql:host=127.0.0.1;port=3306;dbname=cskaem;charset=utf8mb4
[ sql ] [ SQL ] SHOW COLUMNS FROM `xy_recharge` [ RunTime:0.000746s ]
[ sql ] [ SQL ] SELECT COUNT(`id`) AS tp_count FROM `xy_recharge` WHERE  `status` = 1 [ RunTime:0.000560s ]
